CRITICAL - 2022-11-12 00:17:54 --> Call to undefined function form_open()
in APPPATH\Views\loginpage.php on line 36.
 1 SYSTEMPATH\View\View.php(213): include()
 2 SYSTEMPATH\View\View.php(216): CodeIgniter\View\View->CodeIgniter\View\{closure}()
 3 SYSTEMPATH\Common.php(1134): CodeIgniter\View\View->render('loginpage', [], true)
 4 APPPATH\Controllers\Login.php(20): view('loginpage', [...])
 5 SYSTEMPATH\CodeIgniter.php(927): App\Controllers\Login->index()
 6 SYSTEMPATH\CodeIgniter.php(482): CodeIgniter\CodeIgniter->runController(Object(App\Controllers\Login))
 7 SYSTEMPATH\CodeIgniter.php(351): CodeIgniter\CodeIgniter->handleRequest(null, Object(Config\Cache), false)
 8 FCPATH\index.php(67): CodeIgniter\CodeIgniter->run()
CRITICAL - 2022-11-12 00:56:07 --> Undefined property: App\Controllers\Login::$input
in APPPATH\Controllers\Login.php on line 32.
 1 APPPATH\Controllers\Login.php(32): CodeIgniter\Debug\Exceptions->errorHandler(2, 'Undefined property: App\\Controllers\\Login::$input', 'APPPATH\\Controllers\\Login.php', 32)
 2 SYSTEMPATH\CodeIgniter.php(927): App\Controllers\Login->signin()
 3 SYSTEMPATH\CodeIgniter.php(482): CodeIgniter\CodeIgniter->runController(Object(App\Controllers\Login))
 4 SYSTEMPATH\CodeIgniter.php(351): CodeIgniter\CodeIgniter->handleRequest(null, Object(Config\Cache), false)
 5 FCPATH\index.php(67): CodeIgniter\CodeIgniter->run()
 6 SYSTEMPATH\Commands\Server\rewrite.php(46): require_once('FCPATH\\index.php')
CRITICAL - 2022-11-12 01:03:28 --> Undefined property: App\Controllers\Login::$load
in APPPATH\Controllers\Login.php on line 34.
 1 APPPATH\Controllers\Login.php(34): CodeIgniter\Debug\Exceptions->errorHandler(2, 'Undefined property: App\\Controllers\\Login::$load', 'APPPATH\\Controllers\\Login.php', 34)
 2 SYSTEMPATH\CodeIgniter.php(927): App\Controllers\Login->signin()
 3 SYSTEMPATH\CodeIgniter.php(482): CodeIgniter\CodeIgniter->runController(Object(App\Controllers\Login))
 4 SYSTEMPATH\CodeIgniter.php(351): CodeIgniter\CodeIgniter->handleRequest(null, Object(Config\Cache), false)
 5 FCPATH\index.php(67): CodeIgniter\CodeIgniter->run()
 6 SYSTEMPATH\Commands\Server\rewrite.php(46): require_once('FCPATH\\index.php')
CRITICAL - 2022-11-12 02:54:04 --> Undefined property: App\Controllers\Login::$load
in APPPATH\Controllers\Login.php on line 34.
 1 APPPATH\Controllers\Login.php(34): CodeIgniter\Debug\Exceptions->errorHandler(2, 'Undefined property: App\\Controllers\\Login::$load', 'APPPATH\\Controllers\\Login.php', 34)
 2 SYSTEMPATH\CodeIgniter.php(927): App\Controllers\Login->signin()
 3 SYSTEMPATH\CodeIgniter.php(482): CodeIgniter\CodeIgniter->runController(Object(App\Controllers\Login))
 4 SYSTEMPATH\CodeIgniter.php(351): CodeIgniter\CodeIgniter->handleRequest(null, Object(Config\Cache), false)
 5 FCPATH\index.php(67): CodeIgniter\CodeIgniter->run()
 6 SYSTEMPATH\Commands\Server\rewrite.php(46): require_once('FCPATH\\index.php')
CRITICAL - 2022-11-12 02:54:38 --> Undefined property: App\Controllers\Login::$curd_model
in APPPATH\Controllers\Login.php on line 40.
 1 APPPATH\Controllers\Login.php(40): CodeIgniter\Debug\Exceptions->errorHandler(2, 'Undefined property: App\\Controllers\\Login::$curd_model', 'APPPATH\\Controllers\\Login.php', 40)
 2 SYSTEMPATH\CodeIgniter.php(927): App\Controllers\Login->signin()
 3 SYSTEMPATH\CodeIgniter.php(482): CodeIgniter\CodeIgniter->runController(Object(App\Controllers\Login))
 4 SYSTEMPATH\CodeIgniter.php(351): CodeIgniter\CodeIgniter->handleRequest(null, Object(Config\Cache), false)
 5 FCPATH\index.php(67): CodeIgniter\CodeIgniter->run()
 6 SYSTEMPATH\Commands\Server\rewrite.php(46): require_once('FCPATH\\index.php')
CRITICAL - 2022-11-12 02:55:09 --> Undefined property: App\Controllers\Login::$curdmodel
in APPPATH\Controllers\Login.php on line 40.
 1 APPPATH\Controllers\Login.php(40): CodeIgniter\Debug\Exceptions->errorHandler(2, 'Undefined property: App\\Controllers\\Login::$curdmodel', 'APPPATH\\Controllers\\Login.php', 40)
 2 SYSTEMPATH\CodeIgniter.php(927): App\Controllers\Login->signin()
 3 SYSTEMPATH\CodeIgniter.php(482): CodeIgniter\CodeIgniter->runController(Object(App\Controllers\Login))
 4 SYSTEMPATH\CodeIgniter.php(351): CodeIgniter\CodeIgniter->handleRequest(null, Object(Config\Cache), false)
 5 FCPATH\index.php(67): CodeIgniter\CodeIgniter->run()
 6 SYSTEMPATH\Commands\Server\rewrite.php(46): require_once('FCPATH\\index.php')
CRITICAL - 2022-11-12 03:42:42 --> Undefined property: CodeIgniter\Database\MySQLi\Result::$password
in APPPATH\Controllers\Login.php on line 42.
 1 APPPATH\Controllers\Login.php(42): CodeIgniter\Debug\Exceptions->errorHandler(2, 'Undefined property: CodeIgniter\\Database\\MySQLi\\Result::$password', 'APPPATH\\Controllers\\Login.php', 42)
 2 SYSTEMPATH\CodeIgniter.php(927): App\Controllers\Login->signin()
 3 SYSTEMPATH\CodeIgniter.php(482): CodeIgniter\CodeIgniter->runController(Object(App\Controllers\Login))
 4 SYSTEMPATH\CodeIgniter.php(351): CodeIgniter\CodeIgniter->handleRequest(null, Object(Config\Cache), false)
 5 FCPATH\index.php(67): CodeIgniter\CodeIgniter->run()
 6 SYSTEMPATH\Commands\Server\rewrite.php(46): require_once('FCPATH\\index.php')
CRITICAL - 2022-11-12 03:47:34 --> Undefined property: CodeIgniter\Database\MySQLi\Result::$id
in APPPATH\Controllers\Login.php on line 43.
 1 APPPATH\Controllers\Login.php(43): CodeIgniter\Debug\Exceptions->errorHandler(2, 'Undefined property: CodeIgniter\\Database\\MySQLi\\Result::$id', 'APPPATH\\Controllers\\Login.php', 43)
 2 SYSTEMPATH\CodeIgniter.php(927): App\Controllers\Login->signin()
 3 SYSTEMPATH\CodeIgniter.php(482): CodeIgniter\CodeIgniter->runController(Object(App\Controllers\Login))
 4 SYSTEMPATH\CodeIgniter.php(351): CodeIgniter\CodeIgniter->handleRequest(null, Object(Config\Cache), false)
 5 FCPATH\index.php(67): CodeIgniter\CodeIgniter->run()
 6 SYSTEMPATH\Commands\Server\rewrite.php(46): require_once('FCPATH\\index.php')
CRITICAL - 2022-11-12 03:48:06 --> Object of class CodeIgniter\Database\MySQLi\Result could not be converted to string
in APPPATH\Controllers\Login.php on line 42.
 1 SYSTEMPATH\CodeIgniter.php(927): App\Controllers\Login->signin()
 2 SYSTEMPATH\CodeIgniter.php(482): CodeIgniter\CodeIgniter->runController(Object(App\Controllers\Login))
 3 SYSTEMPATH\CodeIgniter.php(351): CodeIgniter\CodeIgniter->handleRequest(null, Object(Config\Cache), false)
 4 FCPATH\index.php(67): CodeIgniter\CodeIgniter->run()
 5 SYSTEMPATH\Commands\Server\rewrite.php(46): require_once('FCPATH\\index.php')
CRITICAL - 2022-11-12 03:51:40 --> Undefined property: CodeIgniter\Database\MySQLi\Result::$password
in APPPATH\Controllers\Login.php on line 43.
 1 APPPATH\Controllers\Login.php(43): CodeIgniter\Debug\Exceptions->errorHandler(2, 'Undefined property: CodeIgniter\\Database\\MySQLi\\Result::$password', 'APPPATH\\Controllers\\Login.php', 43)
 2 SYSTEMPATH\CodeIgniter.php(927): App\Controllers\Login->signin()
 3 SYSTEMPATH\CodeIgniter.php(482): CodeIgniter\CodeIgniter->runController(Object(App\Controllers\Login))
 4 SYSTEMPATH\CodeIgniter.php(351): CodeIgniter\CodeIgniter->handleRequest(null, Object(Config\Cache), false)
 5 FCPATH\index.php(67): CodeIgniter\CodeIgniter->run()
 6 SYSTEMPATH\Commands\Server\rewrite.php(46): require_once('FCPATH\\index.php')
CRITICAL - 2022-11-12 03:54:05 --> Call to undefined method CodeIgniter\Database\MySQLi\Builder::getRow()
in APPPATH\Models\CurdModel.php on line 13.
 1 APPPATH\Controllers\Login.php(16): App\Models\CurdModel->get_1('ip_address', 'allowed_ip', [...])
 2 SYSTEMPATH\CodeIgniter.php(927): App\Controllers\Login->index()
 3 SYSTEMPATH\CodeIgniter.php(482): CodeIgniter\CodeIgniter->runController(Object(App\Controllers\Login))
 4 SYSTEMPATH\CodeIgniter.php(351): CodeIgniter\CodeIgniter->handleRequest(null, Object(Config\Cache), false)
 5 FCPATH\index.php(67): CodeIgniter\CodeIgniter->run()
 6 SYSTEMPATH\Commands\Server\rewrite.php(46): require_once('FCPATH\\index.php')
CRITICAL - 2022-11-12 03:56:47 --> Call to undefined method CodeIgniter\Database\MySQLi\Builder::getRow()
in APPPATH\Models\CurdModel.php on line 14.
 1 APPPATH\Controllers\Login.php(16): App\Models\CurdModel->get_1('ip_address', 'allowed_ip', [...])
 2 SYSTEMPATH\CodeIgniter.php(927): App\Controllers\Login->index()
 3 SYSTEMPATH\CodeIgniter.php(482): CodeIgniter\CodeIgniter->runController(Object(App\Controllers\Login))
 4 SYSTEMPATH\CodeIgniter.php(351): CodeIgniter\CodeIgniter->handleRequest(null, Object(Config\Cache), false)
 5 FCPATH\index.php(67): CodeIgniter\CodeIgniter->run()
 6 SYSTEMPATH\Commands\Server\rewrite.php(46): require_once('FCPATH\\index.php')
CRITICAL - 2022-11-12 03:56:48 --> Call to undefined method CodeIgniter\Database\MySQLi\Builder::getRow()
in APPPATH\Models\CurdModel.php on line 14.
 1 APPPATH\Controllers\Login.php(16): App\Models\CurdModel->get_1('ip_address', 'allowed_ip', [...])
 2 SYSTEMPATH\CodeIgniter.php(927): App\Controllers\Login->index()
 3 SYSTEMPATH\CodeIgniter.php(482): CodeIgniter\CodeIgniter->runController(Object(App\Controllers\Login))
 4 SYSTEMPATH\CodeIgniter.php(351): CodeIgniter\CodeIgniter->handleRequest(null, Object(Config\Cache), false)
 5 FCPATH\index.php(67): CodeIgniter\CodeIgniter->run()
 6 SYSTEMPATH\Commands\Server\rewrite.php(46): require_once('FCPATH\\index.php')
CRITICAL - 2022-11-12 03:57:04 --> Call to undefined method CodeIgniter\Database\MySQLi\Builder::getResult()
in APPPATH\Models\CurdModel.php on line 14.
 1 APPPATH\Controllers\Login.php(16): App\Models\CurdModel->get_1('ip_address', 'allowed_ip', [...])
 2 SYSTEMPATH\CodeIgniter.php(927): App\Controllers\Login->index()
 3 SYSTEMPATH\CodeIgniter.php(482): CodeIgniter\CodeIgniter->runController(Object(App\Controllers\Login))
 4 SYSTEMPATH\CodeIgniter.php(351): CodeIgniter\CodeIgniter->handleRequest(null, Object(Config\Cache), false)
 5 FCPATH\index.php(67): CodeIgniter\CodeIgniter->run()
 6 SYSTEMPATH\Commands\Server\rewrite.php(46): require_once('FCPATH\\index.php')
CRITICAL - 2022-11-12 03:58:56 --> Undefined property: App\Controllers\Login::$curd_model
in APPPATH\Controllers\Login.php on line 45.
 1 APPPATH\Controllers\Login.php(45): CodeIgniter\Debug\Exceptions->errorHandler(2, 'Undefined property: App\\Controllers\\Login::$curd_model', 'APPPATH\\Controllers\\Login.php', 45)
 2 SYSTEMPATH\CodeIgniter.php(927): App\Controllers\Login->signin()
 3 SYSTEMPATH\CodeIgniter.php(482): CodeIgniter\CodeIgniter->runController(Object(App\Controllers\Login))
 4 SYSTEMPATH\CodeIgniter.php(351): CodeIgniter\CodeIgniter->handleRequest(null, Object(Config\Cache), false)
 5 FCPATH\index.php(67): CodeIgniter\CodeIgniter->run()
 6 SYSTEMPATH\Commands\Server\rewrite.php(46): require_once('FCPATH\\index.php')
CRITICAL - 2022-11-12 03:59:35 --> Call to undefined method CodeIgniter\Database\MySQLi\Connection::insert()
in APPPATH\Models\CurdModel.php on line 57.
 1 APPPATH\Controllers\Login.php(45): App\Models\CurdModel->insert('cons_login_history', [...])
 2 SYSTEMPATH\CodeIgniter.php(927): App\Controllers\Login->signin()
 3 SYSTEMPATH\CodeIgniter.php(482): CodeIgniter\CodeIgniter->runController(Object(App\Controllers\Login))
 4 SYSTEMPATH\CodeIgniter.php(351): CodeIgniter\CodeIgniter->handleRequest(null, Object(Config\Cache), false)
 5 FCPATH\index.php(67): CodeIgniter\CodeIgniter->run()
 6 SYSTEMPATH\Commands\Server\rewrite.php(46): require_once('FCPATH\\index.php')
CRITICAL - 2022-11-12 04:14:39 --> Call to undefined method CodeIgniter\Database\MySQLi\Connection::insert()
in APPPATH\Models\CurdModel.php on line 57.
 1 APPPATH\Controllers\Login.php(45): App\Models\CurdModel->insert('cons_login_history', [...])
 2 SYSTEMPATH\CodeIgniter.php(927): App\Controllers\Login->signin()
 3 SYSTEMPATH\CodeIgniter.php(482): CodeIgniter\CodeIgniter->runController(Object(App\Controllers\Login))
 4 SYSTEMPATH\CodeIgniter.php(351): CodeIgniter\CodeIgniter->handleRequest(null, Object(Config\Cache), false)
 5 FCPATH\index.php(67): CodeIgniter\CodeIgniter->run()
 6 SYSTEMPATH\Commands\Server\rewrite.php(46): require_once('FCPATH\\index.php')
CRITICAL - 2022-11-12 04:15:11 --> Call to undefined method CodeIgniter\Database\MySQLi\Connection::insert()
in APPPATH\Models\CurdModel.php on line 57.
 1 APPPATH\Controllers\Login.php(45): App\Models\CurdModel->insert('cons_login_history', [...])
 2 SYSTEMPATH\CodeIgniter.php(927): App\Controllers\Login->signin()
 3 SYSTEMPATH\CodeIgniter.php(482): CodeIgniter\CodeIgniter->runController(Object(App\Controllers\Login))
 4 SYSTEMPATH\CodeIgniter.php(351): CodeIgniter\CodeIgniter->handleRequest(null, Object(Config\Cache), false)
 5 FCPATH\index.php(67): CodeIgniter\CodeIgniter->run()
 6 SYSTEMPATH\Commands\Server\rewrite.php(46): require_once('FCPATH\\index.php')
CRITICAL - 2022-11-12 04:40:24 --> Call to undefined method CodeIgniter\Database\MySQLi\Connection::insert_id()
in APPPATH\Models\CurdModel.php on line 58.
 1 APPPATH\Controllers\Login.php(45): App\Models\CurdModel->insert('cons_login_history', [...])
 2 SYSTEMPATH\CodeIgniter.php(927): App\Controllers\Login->signin()
 3 SYSTEMPATH\CodeIgniter.php(482): CodeIgniter\CodeIgniter->runController(Object(App\Controllers\Login))
 4 SYSTEMPATH\CodeIgniter.php(351): CodeIgniter\CodeIgniter->handleRequest(null, Object(Config\Cache), false)
 5 FCPATH\index.php(67): CodeIgniter\CodeIgniter->run()
 6 SYSTEMPATH\Commands\Server\rewrite.php(46): require_once('FCPATH\\index.php')
CRITICAL - 2022-11-12 04:41:55 --> Undefined property: App\Controllers\Login::$session
in APPPATH\Controllers\Login.php on line 54.
 1 APPPATH\Controllers\Login.php(54): CodeIgniter\Debug\Exceptions->errorHandler(2, 'Undefined property: App\\Controllers\\Login::$session', 'APPPATH\\Controllers\\Login.php', 54)
 2 SYSTEMPATH\CodeIgniter.php(927): App\Controllers\Login->signin()
 3 SYSTEMPATH\CodeIgniter.php(482): CodeIgniter\CodeIgniter->runController(Object(App\Controllers\Login))
 4 SYSTEMPATH\CodeIgniter.php(351): CodeIgniter\CodeIgniter->handleRequest(null, Object(Config\Cache), false)
 5 FCPATH\index.php(67): CodeIgniter\CodeIgniter->run()
 6 SYSTEMPATH\Commands\Server\rewrite.php(46): require_once('FCPATH\\index.php')
CRITICAL - 2022-11-12 04:43:16 --> Undefined property: App\Controllers\Login::$session
in APPPATH\Controllers\Login.php on line 54.
 1 APPPATH\Controllers\Login.php(54): CodeIgniter\Debug\Exceptions->errorHandler(2, 'Undefined property: App\\Controllers\\Login::$session', 'APPPATH\\Controllers\\Login.php', 54)
 2 SYSTEMPATH\CodeIgniter.php(927): App\Controllers\Login->signin()
 3 SYSTEMPATH\CodeIgniter.php(482): CodeIgniter\CodeIgniter->runController(Object(App\Controllers\Login))
 4 SYSTEMPATH\CodeIgniter.php(351): CodeIgniter\CodeIgniter->handleRequest(null, Object(Config\Cache), false)
 5 FCPATH\index.php(67): CodeIgniter\CodeIgniter->run()
 6 SYSTEMPATH\Commands\Server\rewrite.php(46): require_once('FCPATH\\index.php')
CRITICAL - 2022-11-12 05:24:08 --> The namespace delimiter is a backslash (\), not a slash (/). Route handler: \App\Controllers\pages/view/$1
in SYSTEMPATH\Router\Router.php on line 466.
 1 SYSTEMPATH\Router\Router.php(466): CodeIgniter\Router\Exceptions\RouterException::forInvalidControllerName('\\App\\Controllers\\pages/view/$1')
 2 SYSTEMPATH\Router\Router.php(181): CodeIgniter\Router\Router->checkRoutes('dashboard')
 3 SYSTEMPATH\CodeIgniter.php(802): CodeIgniter\Router\Router->handle('dashboard')
 4 SYSTEMPATH\CodeIgniter.php(430): CodeIgniter\CodeIgniter->tryToRouteIt(Object(CodeIgniter\Router\RouteCollection))
 5 SYSTEMPATH\CodeIgniter.php(351): CodeIgniter\CodeIgniter->handleRequest(null, Object(Config\Cache), false)
 6 FCPATH\index.php(67): CodeIgniter\CodeIgniter->run()
 7 SYSTEMPATH\Commands\Server\rewrite.php(46): require_once('FCPATH\\index.php')
CRITICAL - 2022-11-12 05:24:30 --> Class "CI_controller" not found
in APPPATH\Controllers\Pages.php on line 2.
 1 SYSTEMPATH\Autoloader\Autoloader.php(282): include_once()
 2 SYSTEMPATH\Autoloader\Autoloader.php(259): CodeIgniter\Autoloader\Autoloader->includeFile('APPPATH\\Controllers\\Pages.php')
 3 SYSTEMPATH\Autoloader\Autoloader.php(237): CodeIgniter\Autoloader\Autoloader->loadInNamespace('App\\Controllers\\pages')
 4 [internal function]: CodeIgniter\Autoloader\Autoloader->loadClass('App\\Controllers\\pages')
 5 SYSTEMPATH\CodeIgniter.php(877): class_exists('\\App\\Controllers\\pages', true)
 6 SYSTEMPATH\CodeIgniter.php(469): CodeIgniter\CodeIgniter->startController()
 7 SYSTEMPATH\CodeIgniter.php(351): CodeIgniter\CodeIgniter->handleRequest(null, Object(Config\Cache), false)
 8 FCPATH\index.php(67): CodeIgniter\CodeIgniter->run()
 9 SYSTEMPATH\Commands\Server\rewrite.php(46): require_once('FCPATH\\index.php')
CRITICAL - 2022-11-12 05:29:18 --> Class "CI_controller" not found
in APPPATH\Controllers\Pages.php on line 2.
 1 SYSTEMPATH\Autoloader\Autoloader.php(282): include_once()
 2 SYSTEMPATH\Autoloader\Autoloader.php(259): CodeIgniter\Autoloader\Autoloader->includeFile('APPPATH\\Controllers\\Pages.php')
 3 SYSTEMPATH\Autoloader\Autoloader.php(237): CodeIgniter\Autoloader\Autoloader->loadInNamespace('App\\Controllers\\pages')
 4 [internal function]: CodeIgniter\Autoloader\Autoloader->loadClass('App\\Controllers\\pages')
 5 SYSTEMPATH\CodeIgniter.php(877): class_exists('\\App\\Controllers\\pages', true)
 6 SYSTEMPATH\CodeIgniter.php(469): CodeIgniter\CodeIgniter->startController()
 7 SYSTEMPATH\CodeIgniter.php(351): CodeIgniter\CodeIgniter->handleRequest(null, Object(Config\Cache), false)
 8 FCPATH\index.php(67): CodeIgniter\CodeIgniter->run()
 9 SYSTEMPATH\Commands\Server\rewrite.php(46): require_once('FCPATH\\index.php')
CRITICAL - 2022-11-12 05:34:56 --> Class "CI_controller" not found
in APPPATH\Controllers\Login.php on line 2.
 1 SYSTEMPATH\Autoloader\Autoloader.php(282): include_once()
 2 SYSTEMPATH\Autoloader\Autoloader.php(259): CodeIgniter\Autoloader\Autoloader->includeFile('APPPATH\\Controllers\\Login.php')
 3 SYSTEMPATH\Autoloader\Autoloader.php(237): CodeIgniter\Autoloader\Autoloader->loadInNamespace('App\\Controllers\\login')
 4 [internal function]: CodeIgniter\Autoloader\Autoloader->loadClass('App\\Controllers\\login')
 5 SYSTEMPATH\CodeIgniter.php(877): class_exists('\\App\\Controllers\\login', true)
 6 SYSTEMPATH\CodeIgniter.php(469): CodeIgniter\CodeIgniter->startController()
 7 SYSTEMPATH\CodeIgniter.php(351): CodeIgniter\CodeIgniter->handleRequest(null, Object(Config\Cache), false)
 8 FCPATH\index.php(67): CodeIgniter\CodeIgniter->run()
 9 SYSTEMPATH\Commands\Server\rewrite.php(46): require_once('FCPATH\\index.php')
CRITICAL - 2022-11-12 05:34:57 --> Class "CI_controller" not found
in APPPATH\Controllers\Login.php on line 2.
 1 SYSTEMPATH\Autoloader\Autoloader.php(282): include_once()
 2 SYSTEMPATH\Autoloader\Autoloader.php(259): CodeIgniter\Autoloader\Autoloader->includeFile('APPPATH\\Controllers\\Login.php')
 3 SYSTEMPATH\Autoloader\Autoloader.php(237): CodeIgniter\Autoloader\Autoloader->loadInNamespace('App\\Controllers\\login')
 4 [internal function]: CodeIgniter\Autoloader\Autoloader->loadClass('App\\Controllers\\login')
 5 SYSTEMPATH\CodeIgniter.php(877): class_exists('\\App\\Controllers\\login', true)
 6 SYSTEMPATH\CodeIgniter.php(469): CodeIgniter\CodeIgniter->startController()
 7 SYSTEMPATH\CodeIgniter.php(351): CodeIgniter\CodeIgniter->handleRequest(null, Object(Config\Cache), false)
 8 FCPATH\index.php(67): CodeIgniter\CodeIgniter->run()
 9 SYSTEMPATH\Commands\Server\rewrite.php(46): require_once('FCPATH\\index.php')
CRITICAL - 2022-11-12 05:34:58 --> Class "CI_controller" not found
in APPPATH\Controllers\Login.php on line 2.
 1 SYSTEMPATH\Autoloader\Autoloader.php(282): include_once()
 2 SYSTEMPATH\Autoloader\Autoloader.php(259): CodeIgniter\Autoloader\Autoloader->includeFile('APPPATH\\Controllers\\Login.php')
 3 SYSTEMPATH\Autoloader\Autoloader.php(237): CodeIgniter\Autoloader\Autoloader->loadInNamespace('App\\Controllers\\login')
 4 [internal function]: CodeIgniter\Autoloader\Autoloader->loadClass('App\\Controllers\\login')
 5 SYSTEMPATH\CodeIgniter.php(877): class_exists('\\App\\Controllers\\login', true)
 6 SYSTEMPATH\CodeIgniter.php(469): CodeIgniter\CodeIgniter->startController()
 7 SYSTEMPATH\CodeIgniter.php(351): CodeIgniter\CodeIgniter->handleRequest(null, Object(Config\Cache), false)
 8 FCPATH\index.php(67): CodeIgniter\CodeIgniter->run()
 9 SYSTEMPATH\Commands\Server\rewrite.php(46): require_once('FCPATH\\index.php')
CRITICAL - 2022-11-12 05:34:58 --> Class "CI_controller" not found
in APPPATH\Controllers\Login.php on line 2.
 1 SYSTEMPATH\Autoloader\Autoloader.php(282): include_once()
 2 SYSTEMPATH\Autoloader\Autoloader.php(259): CodeIgniter\Autoloader\Autoloader->includeFile('APPPATH\\Controllers\\Login.php')
 3 SYSTEMPATH\Autoloader\Autoloader.php(237): CodeIgniter\Autoloader\Autoloader->loadInNamespace('App\\Controllers\\login')
 4 [internal function]: CodeIgniter\Autoloader\Autoloader->loadClass('App\\Controllers\\login')
 5 SYSTEMPATH\CodeIgniter.php(877): class_exists('\\App\\Controllers\\login', true)
 6 SYSTEMPATH\CodeIgniter.php(469): CodeIgniter\CodeIgniter->startController()
 7 SYSTEMPATH\CodeIgniter.php(351): CodeIgniter\CodeIgniter->handleRequest(null, Object(Config\Cache), false)
 8 FCPATH\index.php(67): CodeIgniter\CodeIgniter->run()
 9 SYSTEMPATH\Commands\Server\rewrite.php(46): require_once('FCPATH\\index.php')
CRITICAL - 2022-11-12 05:49:31 --> Class "controller" not found
in APPPATH\Controllers\Login.php on line 2.
 1 SYSTEMPATH\Autoloader\Autoloader.php(282): include_once()
 2 SYSTEMPATH\Autoloader\Autoloader.php(259): CodeIgniter\Autoloader\Autoloader->includeFile('APPPATH\\Controllers\\Login.php')
 3 SYSTEMPATH\Autoloader\Autoloader.php(237): CodeIgniter\Autoloader\Autoloader->loadInNamespace('App\\Controllers\\login')
 4 [internal function]: CodeIgniter\Autoloader\Autoloader->loadClass('App\\Controllers\\login')
 5 SYSTEMPATH\CodeIgniter.php(877): class_exists('\\App\\Controllers\\login', true)
 6 SYSTEMPATH\CodeIgniter.php(469): CodeIgniter\CodeIgniter->startController()
 7 SYSTEMPATH\CodeIgniter.php(351): CodeIgniter\CodeIgniter->handleRequest(null, Object(Config\Cache), false)
 8 FCPATH\index.php(67): CodeIgniter\CodeIgniter->run()
 9 SYSTEMPATH\Commands\Server\rewrite.php(46): require_once('FCPATH\\index.php')
CRITICAL - 2022-11-12 05:49:35 --> Class "Controller" not found
in APPPATH\Controllers\Login.php on line 2.
 1 SYSTEMPATH\Autoloader\Autoloader.php(282): include_once()
 2 SYSTEMPATH\Autoloader\Autoloader.php(259): CodeIgniter\Autoloader\Autoloader->includeFile('APPPATH\\Controllers\\Login.php')
 3 SYSTEMPATH\Autoloader\Autoloader.php(237): CodeIgniter\Autoloader\Autoloader->loadInNamespace('App\\Controllers\\login')
 4 [internal function]: CodeIgniter\Autoloader\Autoloader->loadClass('App\\Controllers\\login')
 5 SYSTEMPATH\CodeIgniter.php(877): class_exists('\\App\\Controllers\\login', true)
 6 SYSTEMPATH\CodeIgniter.php(469): CodeIgniter\CodeIgniter->startController()
 7 SYSTEMPATH\CodeIgniter.php(351): CodeIgniter\CodeIgniter->handleRequest(null, Object(Config\Cache), false)
 8 FCPATH\index.php(67): CodeIgniter\CodeIgniter->run()
 9 SYSTEMPATH\Commands\Server\rewrite.php(46): require_once('FCPATH\\index.php')
CRITICAL - 2022-11-12 05:50:20 --> Class "CI_Controller" not found
in APPPATH\Controllers\Login.php on line 2.
 1 SYSTEMPATH\Autoloader\Autoloader.php(282): include_once()
 2 SYSTEMPATH\Autoloader\Autoloader.php(259): CodeIgniter\Autoloader\Autoloader->includeFile('APPPATH\\Controllers\\Login.php')
 3 SYSTEMPATH\Autoloader\Autoloader.php(237): CodeIgniter\Autoloader\Autoloader->loadInNamespace('App\\Controllers\\login')
 4 [internal function]: CodeIgniter\Autoloader\Autoloader->loadClass('App\\Controllers\\login')
 5 SYSTEMPATH\CodeIgniter.php(877): class_exists('\\App\\Controllers\\login', true)
 6 SYSTEMPATH\CodeIgniter.php(469): CodeIgniter\CodeIgniter->startController()
 7 SYSTEMPATH\CodeIgniter.php(351): CodeIgniter\CodeIgniter->handleRequest(null, Object(Config\Cache), false)
 8 FCPATH\index.php(67): CodeIgniter\CodeIgniter->run()
 9 SYSTEMPATH\Commands\Server\rewrite.php(46): require_once('FCPATH\\index.php')
CRITICAL - 2022-11-12 05:54:19 --> Undefined property: App\Controllers\Login::$curd_model
in APPPATH\Controllers\Login.php on line 12.
 1 APPPATH\Controllers\Login.php(12): CodeIgniter\Debug\Exceptions->errorHandler(2, 'Undefined property: App\\Controllers\\Login::$curd_model', 'APPPATH\\Controllers\\Login.php', 12)
 2 SYSTEMPATH\CodeIgniter.php(927): App\Controllers\Login->index()
 3 SYSTEMPATH\CodeIgniter.php(482): CodeIgniter\CodeIgniter->runController(Object(App\Controllers\Login))
 4 SYSTEMPATH\CodeIgniter.php(351): CodeIgniter\CodeIgniter->handleRequest(null, Object(Config\Cache), false)
 5 FCPATH\index.php(67): CodeIgniter\CodeIgniter->run()
 6 SYSTEMPATH\Commands\Server\rewrite.php(46): require_once('FCPATH\\index.php')
CRITICAL - 2022-11-12 05:56:59 --> Class "App\Controllers\CurdModel" not found
in APPPATH\Controllers\Login.php on line 12.
 1 SYSTEMPATH\CodeIgniter.php(927): App\Controllers\Login->index()
 2 SYSTEMPATH\CodeIgniter.php(482): CodeIgniter\CodeIgniter->runController(Object(App\Controllers\Login))
 3 SYSTEMPATH\CodeIgniter.php(351): CodeIgniter\CodeIgniter->handleRequest(null, Object(Config\Cache), false)
 4 FCPATH\index.php(67): CodeIgniter\CodeIgniter->run()
 5 SYSTEMPATH\Commands\Server\rewrite.php(46): require_once('FCPATH\\index.php')
CRITICAL - 2022-11-12 05:57:25 --> Undefined property: App\Controllers\Login::$load
in APPPATH\Controllers\Login.php on line 18.
 1 APPPATH\Controllers\Login.php(18): CodeIgniter\Debug\Exceptions->errorHandler(2, 'Undefined property: App\\Controllers\\Login::$load', 'APPPATH\\Controllers\\Login.php', 18)
 2 SYSTEMPATH\CodeIgniter.php(927): App\Controllers\Login->index()
 3 SYSTEMPATH\CodeIgniter.php(482): CodeIgniter\CodeIgniter->runController(Object(App\Controllers\Login))
 4 SYSTEMPATH\CodeIgniter.php(351): CodeIgniter\CodeIgniter->handleRequest(null, Object(Config\Cache), false)
 5 FCPATH\index.php(67): CodeIgniter\CodeIgniter->run()
 6 SYSTEMPATH\Commands\Server\rewrite.php(46): require_once('FCPATH\\index.php')
CRITICAL - 2022-11-12 05:58:46 --> Undefined variable $allow
in APPPATH\Views\loginpage.php on line 33.
 1 APPPATH\Views\loginpage.php(33): CodeIgniter\Debug\Exceptions->errorHandler(2, 'Undefined variable $allow', 'APPPATH\\Views\\loginpage.php', 33)
 2 SYSTEMPATH\View\View.php(213): include('APPPATH\\Views\\loginpage.php')
 3 SYSTEMPATH\View\View.php(216): CodeIgniter\View\View->CodeIgniter\View\{closure}()
 4 SYSTEMPATH\Common.php(1134): CodeIgniter\View\View->render('loginpage', [], true)
 5 APPPATH\Controllers\Login.php(18): view('loginpage')
 6 SYSTEMPATH\CodeIgniter.php(927): App\Controllers\Login->index()
 7 SYSTEMPATH\CodeIgniter.php(482): CodeIgniter\CodeIgniter->runController(Object(App\Controllers\Login))
 8 SYSTEMPATH\CodeIgniter.php(351): CodeIgniter\CodeIgniter->handleRequest(null, Object(Config\Cache), false)
 9 FCPATH\index.php(67): CodeIgniter\CodeIgniter->run()
10 SYSTEMPATH\Commands\Server\rewrite.php(46): require_once('FCPATH\\index.php')
CRITICAL - 2022-11-12 05:59:43 --> Undefined property: App\Controllers\Login::$input
in APPPATH\Controllers\Login.php on line 30.
 1 APPPATH\Controllers\Login.php(30): CodeIgniter\Debug\Exceptions->errorHandler(2, 'Undefined property: App\\Controllers\\Login::$input', 'APPPATH\\Controllers\\Login.php', 30)
 2 SYSTEMPATH\CodeIgniter.php(927): App\Controllers\Login->signin()
 3 SYSTEMPATH\CodeIgniter.php(482): CodeIgniter\CodeIgniter->runController(Object(App\Controllers\Login))
 4 SYSTEMPATH\CodeIgniter.php(351): CodeIgniter\CodeIgniter->handleRequest(null, Object(Config\Cache), false)
 5 FCPATH\index.php(67): CodeIgniter\CodeIgniter->run()
 6 SYSTEMPATH\Commands\Server\rewrite.php(46): require_once('FCPATH\\index.php')
CRITICAL - 2022-11-12 05:59:45 --> Class "CI_controller" not found
in APPPATH\Controllers\Pages.php on line 2.
 1 SYSTEMPATH\Autoloader\Autoloader.php(282): include_once()
 2 SYSTEMPATH\Autoloader\Autoloader.php(259): CodeIgniter\Autoloader\Autoloader->includeFile('APPPATH\\Controllers\\Pages.php')
 3 SYSTEMPATH\Autoloader\Autoloader.php(237): CodeIgniter\Autoloader\Autoloader->loadInNamespace('App\\Controllers\\pages')
 4 [internal function]: CodeIgniter\Autoloader\Autoloader->loadClass('App\\Controllers\\pages')
 5 SYSTEMPATH\CodeIgniter.php(877): class_exists('\\App\\Controllers\\pages', true)
 6 SYSTEMPATH\CodeIgniter.php(469): CodeIgniter\CodeIgniter->startController()
 7 SYSTEMPATH\CodeIgniter.php(351): CodeIgniter\CodeIgniter->handleRequest(null, Object(Config\Cache), false)
 8 FCPATH\index.php(67): CodeIgniter\CodeIgniter->run()
 9 SYSTEMPATH\Commands\Server\rewrite.php(46): require_once('FCPATH\\index.php')
CRITICAL - 2022-11-12 05:59:49 --> Class "CI_controller" not found
in APPPATH\Controllers\Pages.php on line 2.
 1 SYSTEMPATH\Autoloader\Autoloader.php(282): include_once()
 2 SYSTEMPATH\Autoloader\Autoloader.php(259): CodeIgniter\Autoloader\Autoloader->includeFile('APPPATH\\Controllers\\Pages.php')
 3 SYSTEMPATH\Autoloader\Autoloader.php(237): CodeIgniter\Autoloader\Autoloader->loadInNamespace('App\\Controllers\\pages')
 4 [internal function]: CodeIgniter\Autoloader\Autoloader->loadClass('App\\Controllers\\pages')
 5 SYSTEMPATH\CodeIgniter.php(877): class_exists('\\App\\Controllers\\pages', true)
 6 SYSTEMPATH\CodeIgniter.php(469): CodeIgniter\CodeIgniter->startController()
 7 SYSTEMPATH\CodeIgniter.php(351): CodeIgniter\CodeIgniter->handleRequest(null, Object(Config\Cache), false)
 8 FCPATH\index.php(67): CodeIgniter\CodeIgniter->run()
 9 SYSTEMPATH\Commands\Server\rewrite.php(46): require_once('FCPATH\\index.php')
CRITICAL - 2022-11-12 05:59:52 --> Undefined property: App\Controllers\Login::$input
in APPPATH\Controllers\Login.php on line 30.
 1 APPPATH\Controllers\Login.php(30): CodeIgniter\Debug\Exceptions->errorHandler(2, 'Undefined property: App\\Controllers\\Login::$input', 'APPPATH\\Controllers\\Login.php', 30)
 2 SYSTEMPATH\CodeIgniter.php(927): App\Controllers\Login->signin()
 3 SYSTEMPATH\CodeIgniter.php(482): CodeIgniter\CodeIgniter->runController(Object(App\Controllers\Login))
 4 SYSTEMPATH\CodeIgniter.php(351): CodeIgniter\CodeIgniter->handleRequest(null, Object(Config\Cache), false)
 5 FCPATH\index.php(67): CodeIgniter\CodeIgniter->run()
 6 SYSTEMPATH\Commands\Server\rewrite.php(46): require_once('FCPATH\\index.php')
CRITICAL - 2022-11-12 06:02:11 --> Class "CI_controller" not found
in APPPATH\Controllers\Pages.php on line 2.
 1 SYSTEMPATH\Autoloader\Autoloader.php(282): include_once()
 2 SYSTEMPATH\Autoloader\Autoloader.php(259): CodeIgniter\Autoloader\Autoloader->includeFile('APPPATH\\Controllers\\Pages.php')
 3 SYSTEMPATH\Autoloader\Autoloader.php(237): CodeIgniter\Autoloader\Autoloader->loadInNamespace('App\\Controllers\\pages')
 4 [internal function]: CodeIgniter\Autoloader\Autoloader->loadClass('App\\Controllers\\pages')
 5 SYSTEMPATH\CodeIgniter.php(877): class_exists('\\App\\Controllers\\pages', true)
 6 SYSTEMPATH\CodeIgniter.php(469): CodeIgniter\CodeIgniter->startController()
 7 SYSTEMPATH\CodeIgniter.php(351): CodeIgniter\CodeIgniter->handleRequest(null, Object(Config\Cache), false)
 8 FCPATH\index.php(67): CodeIgniter\CodeIgniter->run()
 9 SYSTEMPATH\Commands\Server\rewrite.php(46): require_once('FCPATH\\index.php')
CRITICAL - 2022-11-12 06:02:17 --> Undefined property: App\Controllers\Login::$session
in APPPATH\Controllers\Login.php on line 52.
 1 APPPATH\Controllers\Login.php(52): CodeIgniter\Debug\Exceptions->errorHandler(2, 'Undefined property: App\\Controllers\\Login::$session', 'APPPATH\\Controllers\\Login.php', 52)
 2 SYSTEMPATH\CodeIgniter.php(927): App\Controllers\Login->signin()
 3 SYSTEMPATH\CodeIgniter.php(482): CodeIgniter\CodeIgniter->runController(Object(App\Controllers\Login))
 4 SYSTEMPATH\CodeIgniter.php(351): CodeIgniter\CodeIgniter->handleRequest(null, Object(Config\Cache), false)
 5 FCPATH\index.php(67): CodeIgniter\CodeIgniter->run()
 6 SYSTEMPATH\Commands\Server\rewrite.php(46): require_once('FCPATH\\index.php')
CRITICAL - 2022-11-12 06:03:24 --> Class "CI_controller" not found
in APPPATH\Controllers\Pages.php on line 2.
 1 SYSTEMPATH\Autoloader\Autoloader.php(282): include_once()
 2 SYSTEMPATH\Autoloader\Autoloader.php(259): CodeIgniter\Autoloader\Autoloader->includeFile('APPPATH\\Controllers\\Pages.php')
 3 SYSTEMPATH\Autoloader\Autoloader.php(237): CodeIgniter\Autoloader\Autoloader->loadInNamespace('App\\Controllers\\pages')
 4 [internal function]: CodeIgniter\Autoloader\Autoloader->loadClass('App\\Controllers\\pages')
 5 SYSTEMPATH\CodeIgniter.php(877): class_exists('\\App\\Controllers\\pages', true)
 6 SYSTEMPATH\CodeIgniter.php(469): CodeIgniter\CodeIgniter->startController()
 7 SYSTEMPATH\CodeIgniter.php(351): CodeIgniter\CodeIgniter->handleRequest(null, Object(Config\Cache), false)
 8 FCPATH\index.php(67): CodeIgniter\CodeIgniter->run()
 9 SYSTEMPATH\Commands\Server\rewrite.php(46): require_once('FCPATH\\index.php')
CRITICAL - 2022-11-12 06:03:33 --> Class "CI_controller" not found
in APPPATH\Controllers\Pages.php on line 2.
 1 SYSTEMPATH\Autoloader\Autoloader.php(282): include_once()
 2 SYSTEMPATH\Autoloader\Autoloader.php(259): CodeIgniter\Autoloader\Autoloader->includeFile('APPPATH\\Controllers\\Pages.php')
 3 SYSTEMPATH\Autoloader\Autoloader.php(237): CodeIgniter\Autoloader\Autoloader->loadInNamespace('App\\Controllers\\pages')
 4 [internal function]: CodeIgniter\Autoloader\Autoloader->loadClass('App\\Controllers\\pages')
 5 SYSTEMPATH\CodeIgniter.php(877): class_exists('\\App\\Controllers\\pages', true)
 6 SYSTEMPATH\CodeIgniter.php(469): CodeIgniter\CodeIgniter->startController()
 7 SYSTEMPATH\CodeIgniter.php(351): CodeIgniter\CodeIgniter->handleRequest(null, Object(Config\Cache), false)
 8 FCPATH\index.php(67): CodeIgniter\CodeIgniter->run()
 9 SYSTEMPATH\Commands\Server\rewrite.php(46): require_once('FCPATH\\index.php')
CRITICAL - 2022-11-12 06:03:44 --> Class "CI_controller" not found
in APPPATH\Controllers\Pages.php on line 2.
 1 SYSTEMPATH\Autoloader\Autoloader.php(282): include_once()
 2 SYSTEMPATH\Autoloader\Autoloader.php(259): CodeIgniter\Autoloader\Autoloader->includeFile('APPPATH\\Controllers\\Pages.php')
 3 SYSTEMPATH\Autoloader\Autoloader.php(237): CodeIgniter\Autoloader\Autoloader->loadInNamespace('App\\Controllers\\pages')
 4 [internal function]: CodeIgniter\Autoloader\Autoloader->loadClass('App\\Controllers\\pages')
 5 SYSTEMPATH\CodeIgniter.php(877): class_exists('\\App\\Controllers\\pages', true)
 6 SYSTEMPATH\CodeIgniter.php(469): CodeIgniter\CodeIgniter->startController()
 7 SYSTEMPATH\CodeIgniter.php(351): CodeIgniter\CodeIgniter->handleRequest(null, Object(Config\Cache), false)
 8 FCPATH\index.php(67): CodeIgniter\CodeIgniter->run()
 9 SYSTEMPATH\Commands\Server\rewrite.php(46): require_once('FCPATH\\index.php')
CRITICAL - 2022-11-12 06:03:59 --> Class "CI_controller" not found
in APPPATH\Controllers\Pages.php on line 2.
 1 SYSTEMPATH\Autoloader\Autoloader.php(282): include_once()
 2 SYSTEMPATH\Autoloader\Autoloader.php(259): CodeIgniter\Autoloader\Autoloader->includeFile('APPPATH\\Controllers\\Pages.php')
 3 SYSTEMPATH\Autoloader\Autoloader.php(237): CodeIgniter\Autoloader\Autoloader->loadInNamespace('App\\Controllers\\pages')
 4 [internal function]: CodeIgniter\Autoloader\Autoloader->loadClass('App\\Controllers\\pages')
 5 SYSTEMPATH\CodeIgniter.php(877): class_exists('\\App\\Controllers\\pages', true)
 6 SYSTEMPATH\CodeIgniter.php(469): CodeIgniter\CodeIgniter->startController()
 7 SYSTEMPATH\CodeIgniter.php(351): CodeIgniter\CodeIgniter->handleRequest(null, Object(Config\Cache), false)
 8 FCPATH\index.php(67): CodeIgniter\CodeIgniter->run()
 9 SYSTEMPATH\Commands\Server\rewrite.php(46): require_once('FCPATH\\index.php')
CRITICAL - 2022-11-12 06:04:44 --> Class "CI_controller" not found
in APPPATH\Controllers\Pages.php on line 2.
 1 SYSTEMPATH\Autoloader\Autoloader.php(282): include_once()
 2 SYSTEMPATH\Autoloader\Autoloader.php(259): CodeIgniter\Autoloader\Autoloader->includeFile('APPPATH\\Controllers\\Pages.php')
 3 SYSTEMPATH\Autoloader\Autoloader.php(237): CodeIgniter\Autoloader\Autoloader->loadInNamespace('App\\Controllers\\pages')
 4 [internal function]: CodeIgniter\Autoloader\Autoloader->loadClass('App\\Controllers\\pages')
 5 SYSTEMPATH\CodeIgniter.php(877): class_exists('\\App\\Controllers\\pages', true)
 6 SYSTEMPATH\CodeIgniter.php(469): CodeIgniter\CodeIgniter->startController()
 7 SYSTEMPATH\CodeIgniter.php(351): CodeIgniter\CodeIgniter->handleRequest(null, Object(Config\Cache), false)
 8 FCPATH\index.php(67): CodeIgniter\CodeIgniter->run()
 9 SYSTEMPATH\Commands\Server\rewrite.php(46): require_once('FCPATH\\index.php')
CRITICAL - 2022-11-12 06:04:45 --> Class "CI_controller" not found
in APPPATH\Controllers\Pages.php on line 2.
 1 SYSTEMPATH\Autoloader\Autoloader.php(282): include_once()
 2 SYSTEMPATH\Autoloader\Autoloader.php(259): CodeIgniter\Autoloader\Autoloader->includeFile('APPPATH\\Controllers\\Pages.php')
 3 SYSTEMPATH\Autoloader\Autoloader.php(237): CodeIgniter\Autoloader\Autoloader->loadInNamespace('App\\Controllers\\pages')
 4 [internal function]: CodeIgniter\Autoloader\Autoloader->loadClass('App\\Controllers\\pages')
 5 SYSTEMPATH\CodeIgniter.php(877): class_exists('\\App\\Controllers\\pages', true)
 6 SYSTEMPATH\CodeIgniter.php(469): CodeIgniter\CodeIgniter->startController()
 7 SYSTEMPATH\CodeIgniter.php(351): CodeIgniter\CodeIgniter->handleRequest(null, Object(Config\Cache), false)
 8 FCPATH\index.php(67): CodeIgniter\CodeIgniter->run()
 9 SYSTEMPATH\Commands\Server\rewrite.php(46): require_once('FCPATH\\index.php')
CRITICAL - 2022-11-12 06:04:45 --> Class "CI_controller" not found
in APPPATH\Controllers\Pages.php on line 2.
 1 SYSTEMPATH\Autoloader\Autoloader.php(282): include_once()
 2 SYSTEMPATH\Autoloader\Autoloader.php(259): CodeIgniter\Autoloader\Autoloader->includeFile('APPPATH\\Controllers\\Pages.php')
 3 SYSTEMPATH\Autoloader\Autoloader.php(237): CodeIgniter\Autoloader\Autoloader->loadInNamespace('App\\Controllers\\pages')
 4 [internal function]: CodeIgniter\Autoloader\Autoloader->loadClass('App\\Controllers\\pages')
 5 SYSTEMPATH\CodeIgniter.php(877): class_exists('\\App\\Controllers\\pages', true)
 6 SYSTEMPATH\CodeIgniter.php(469): CodeIgniter\CodeIgniter->startController()
 7 SYSTEMPATH\CodeIgniter.php(351): CodeIgniter\CodeIgniter->handleRequest(null, Object(Config\Cache), false)
 8 FCPATH\index.php(67): CodeIgniter\CodeIgniter->run()
 9 SYSTEMPATH\Commands\Server\rewrite.php(46): require_once('FCPATH\\index.php')
CRITICAL - 2022-11-12 06:04:45 --> Class "CI_controller" not found
in APPPATH\Controllers\Pages.php on line 2.
 1 SYSTEMPATH\Autoloader\Autoloader.php(282): include_once()
 2 SYSTEMPATH\Autoloader\Autoloader.php(259): CodeIgniter\Autoloader\Autoloader->includeFile('APPPATH\\Controllers\\Pages.php')
 3 SYSTEMPATH\Autoloader\Autoloader.php(237): CodeIgniter\Autoloader\Autoloader->loadInNamespace('App\\Controllers\\pages')
 4 [internal function]: CodeIgniter\Autoloader\Autoloader->loadClass('App\\Controllers\\pages')
 5 SYSTEMPATH\CodeIgniter.php(877): class_exists('\\App\\Controllers\\pages', true)
 6 SYSTEMPATH\CodeIgniter.php(469): CodeIgniter\CodeIgniter->startController()
 7 SYSTEMPATH\CodeIgniter.php(351): CodeIgniter\CodeIgniter->handleRequest(null, Object(Config\Cache), false)
 8 FCPATH\index.php(67): CodeIgniter\CodeIgniter->run()
 9 SYSTEMPATH\Commands\Server\rewrite.php(46): require_once('FCPATH\\index.php')
CRITICAL - 2022-11-12 06:04:45 --> Class "CI_controller" not found
in APPPATH\Controllers\Pages.php on line 2.
 1 SYSTEMPATH\Autoloader\Autoloader.php(282): include_once()
 2 SYSTEMPATH\Autoloader\Autoloader.php(259): CodeIgniter\Autoloader\Autoloader->includeFile('APPPATH\\Controllers\\Pages.php')
 3 SYSTEMPATH\Autoloader\Autoloader.php(237): CodeIgniter\Autoloader\Autoloader->loadInNamespace('App\\Controllers\\pages')
 4 [internal function]: CodeIgniter\Autoloader\Autoloader->loadClass('App\\Controllers\\pages')
 5 SYSTEMPATH\CodeIgniter.php(877): class_exists('\\App\\Controllers\\pages', true)
 6 SYSTEMPATH\CodeIgniter.php(469): CodeIgniter\CodeIgniter->startController()
 7 SYSTEMPATH\CodeIgniter.php(351): CodeIgniter\CodeIgniter->handleRequest(null, Object(Config\Cache), false)
 8 FCPATH\index.php(67): CodeIgniter\CodeIgniter->run()
 9 SYSTEMPATH\Commands\Server\rewrite.php(46): require_once('FCPATH\\index.php')
CRITICAL - 2022-11-12 06:04:45 --> Class "CI_controller" not found
in APPPATH\Controllers\Pages.php on line 2.
 1 SYSTEMPATH\Autoloader\Autoloader.php(282): include_once()
 2 SYSTEMPATH\Autoloader\Autoloader.php(259): CodeIgniter\Autoloader\Autoloader->includeFile('APPPATH\\Controllers\\Pages.php')
 3 SYSTEMPATH\Autoloader\Autoloader.php(237): CodeIgniter\Autoloader\Autoloader->loadInNamespace('App\\Controllers\\pages')
 4 [internal function]: CodeIgniter\Autoloader\Autoloader->loadClass('App\\Controllers\\pages')
 5 SYSTEMPATH\CodeIgniter.php(877): class_exists('\\App\\Controllers\\pages', true)
 6 SYSTEMPATH\CodeIgniter.php(469): CodeIgniter\CodeIgniter->startController()
 7 SYSTEMPATH\CodeIgniter.php(351): CodeIgniter\CodeIgniter->handleRequest(null, Object(Config\Cache), false)
 8 FCPATH\index.php(67): CodeIgniter\CodeIgniter->run()
 9 SYSTEMPATH\Commands\Server\rewrite.php(46): require_once('FCPATH\\index.php')
CRITICAL - 2022-11-12 06:04:48 --> Call to undefined method CodeIgniter\Session\Session::userdata()
in APPPATH\Controllers\Login.php on line 12.
 1 SYSTEMPATH\CodeIgniter.php(889): App\Controllers\Login->__construct()
 2 SYSTEMPATH\CodeIgniter.php(473): CodeIgniter\CodeIgniter->createController()
 3 SYSTEMPATH\CodeIgniter.php(351): CodeIgniter\CodeIgniter->handleRequest(null, Object(Config\Cache), false)
 4 FCPATH\index.php(67): CodeIgniter\CodeIgniter->run()
 5 SYSTEMPATH\Commands\Server\rewrite.php(46): require_once('FCPATH\\index.php')
CRITICAL - 2022-11-12 06:08:21 --> Call to undefined method CodeIgniter\Session\Session::userdata()
in APPPATH\Controllers\Login.php on line 12.
 1 SYSTEMPATH\CodeIgniter.php(889): App\Controllers\Login->__construct()
 2 SYSTEMPATH\CodeIgniter.php(473): CodeIgniter\CodeIgniter->createController()
 3 SYSTEMPATH\CodeIgniter.php(351): CodeIgniter\CodeIgniter->handleRequest(null, Object(Config\Cache), false)
 4 FCPATH\index.php(67): CodeIgniter\CodeIgniter->run()
 5 SYSTEMPATH\Commands\Server\rewrite.php(46): require_once('FCPATH\\index.php')
CRITICAL - 2022-11-12 06:14:59 --> The route for "dashboard" cannot be found.
in SYSTEMPATH\HTTP\RedirectResponse.php on line 60.
 1 SYSTEMPATH\HTTP\RedirectResponse.php(60): CodeIgniter\HTTP\Exceptions\HTTPException::forInvalidRedirectRoute('dashboard')
 2 SYSTEMPATH\Common.php(860): CodeIgniter\HTTP\RedirectResponse->route(false)
 3 APPPATH\Controllers\Login.php(13): redirect('dashboard')
 4 SYSTEMPATH\CodeIgniter.php(889): App\Controllers\Login->__construct()
 5 SYSTEMPATH\CodeIgniter.php(473): CodeIgniter\CodeIgniter->createController()
 6 SYSTEMPATH\CodeIgniter.php(351): CodeIgniter\CodeIgniter->handleRequest(null, Object(Config\Cache), false)
 7 FCPATH\index.php(67): CodeIgniter\CodeIgniter->run()
 8 SYSTEMPATH\Commands\Server\rewrite.php(46): require_once('FCPATH\\index.php')
CRITICAL - 2022-11-12 06:15:48 --> The route for "http://localhost:8080/counsellor/index.php/dashboard" cannot be found.
in SYSTEMPATH\HTTP\RedirectResponse.php on line 60.
 1 SYSTEMPATH\HTTP\RedirectResponse.php(60): CodeIgniter\HTTP\Exceptions\HTTPException::forInvalidRedirectRoute('http://localhost:8080/counsellor/index.php/dashboard')
 2 SYSTEMPATH\Common.php(860): CodeIgniter\HTTP\RedirectResponse->route(false)
 3 APPPATH\Controllers\Login.php(13): redirect('http://localhost:8080/counsellor/index.php/dashboard')
 4 SYSTEMPATH\CodeIgniter.php(889): App\Controllers\Login->__construct()
 5 SYSTEMPATH\CodeIgniter.php(473): CodeIgniter\CodeIgniter->createController()
 6 SYSTEMPATH\CodeIgniter.php(351): CodeIgniter\CodeIgniter->handleRequest(null, Object(Config\Cache), false)
 7 FCPATH\index.php(67): CodeIgniter\CodeIgniter->run()
 8 SYSTEMPATH\Commands\Server\rewrite.php(46): require_once('FCPATH\\index.php')
CRITICAL - 2022-11-12 06:15:56 --> The route for "dashboard" cannot be found.
in SYSTEMPATH\HTTP\RedirectResponse.php on line 60.
 1 SYSTEMPATH\HTTP\RedirectResponse.php(60): CodeIgniter\HTTP\Exceptions\HTTPException::forInvalidRedirectRoute('dashboard')
 2 SYSTEMPATH\Common.php(860): CodeIgniter\HTTP\RedirectResponse->route(false)
 3 APPPATH\Controllers\Login.php(13): redirect('dashboard')
 4 SYSTEMPATH\CodeIgniter.php(889): App\Controllers\Login->__construct()
 5 SYSTEMPATH\CodeIgniter.php(473): CodeIgniter\CodeIgniter->createController()
 6 SYSTEMPATH\CodeIgniter.php(351): CodeIgniter\CodeIgniter->handleRequest(null, Object(Config\Cache), false)
 7 FCPATH\index.php(67): CodeIgniter\CodeIgniter->run()
 8 SYSTEMPATH\Commands\Server\rewrite.php(46): require_once('FCPATH\\index.php')
CRITICAL - 2022-11-12 06:19:11 --> The route for "dashboard" cannot be found.
in SYSTEMPATH\HTTP\RedirectResponse.php on line 60.
 1 SYSTEMPATH\HTTP\RedirectResponse.php(60): CodeIgniter\HTTP\Exceptions\HTTPException::forInvalidRedirectRoute('dashboard')
 2 SYSTEMPATH\Common.php(860): CodeIgniter\HTTP\RedirectResponse->route(false)
 3 APPPATH\Controllers\Login.php(13): redirect('dashboard')
 4 SYSTEMPATH\CodeIgniter.php(889): App\Controllers\Login->__construct()
 5 SYSTEMPATH\CodeIgniter.php(473): CodeIgniter\CodeIgniter->createController()
 6 SYSTEMPATH\CodeIgniter.php(351): CodeIgniter\CodeIgniter->handleRequest(null, Object(Config\Cache), false)
 7 FCPATH\index.php(67): CodeIgniter\CodeIgniter->run()
 8 SYSTEMPATH\Commands\Server\rewrite.php(46): require_once('FCPATH\\index.php')
CRITICAL - 2022-11-12 06:19:12 --> The route for "dashboard" cannot be found.
in SYSTEMPATH\HTTP\RedirectResponse.php on line 60.
 1 SYSTEMPATH\HTTP\RedirectResponse.php(60): CodeIgniter\HTTP\Exceptions\HTTPException::forInvalidRedirectRoute('dashboard')
 2 SYSTEMPATH\Common.php(860): CodeIgniter\HTTP\RedirectResponse->route(false)
 3 APPPATH\Controllers\Login.php(13): redirect('dashboard')
 4 SYSTEMPATH\CodeIgniter.php(889): App\Controllers\Login->__construct()
 5 SYSTEMPATH\CodeIgniter.php(473): CodeIgniter\CodeIgniter->createController()
 6 SYSTEMPATH\CodeIgniter.php(351): CodeIgniter\CodeIgniter->handleRequest(null, Object(Config\Cache), false)
 7 FCPATH\index.php(67): CodeIgniter\CodeIgniter->run()
 8 SYSTEMPATH\Commands\Server\rewrite.php(46): require_once('FCPATH\\index.php')
CRITICAL - 2022-11-12 06:19:13 --> The route for "dashboard" cannot be found.
in SYSTEMPATH\HTTP\RedirectResponse.php on line 60.
 1 SYSTEMPATH\HTTP\RedirectResponse.php(60): CodeIgniter\HTTP\Exceptions\HTTPException::forInvalidRedirectRoute('dashboard')
 2 SYSTEMPATH\Common.php(860): CodeIgniter\HTTP\RedirectResponse->route(false)
 3 APPPATH\Controllers\Login.php(13): redirect('dashboard')
 4 SYSTEMPATH\CodeIgniter.php(889): App\Controllers\Login->__construct()
 5 SYSTEMPATH\CodeIgniter.php(473): CodeIgniter\CodeIgniter->createController()
 6 SYSTEMPATH\CodeIgniter.php(351): CodeIgniter\CodeIgniter->handleRequest(null, Object(Config\Cache), false)
 7 FCPATH\index.php(67): CodeIgniter\CodeIgniter->run()
 8 SYSTEMPATH\Commands\Server\rewrite.php(46): require_once('FCPATH\\index.php')
CRITICAL - 2022-11-12 06:19:13 --> The route for "dashboard" cannot be found.
in SYSTEMPATH\HTTP\RedirectResponse.php on line 60.
 1 SYSTEMPATH\HTTP\RedirectResponse.php(60): CodeIgniter\HTTP\Exceptions\HTTPException::forInvalidRedirectRoute('dashboard')
 2 SYSTEMPATH\Common.php(860): CodeIgniter\HTTP\RedirectResponse->route(false)
 3 APPPATH\Controllers\Login.php(13): redirect('dashboard')
 4 SYSTEMPATH\CodeIgniter.php(889): App\Controllers\Login->__construct()
 5 SYSTEMPATH\CodeIgniter.php(473): CodeIgniter\CodeIgniter->createController()
 6 SYSTEMPATH\CodeIgniter.php(351): CodeIgniter\CodeIgniter->handleRequest(null, Object(Config\Cache), false)
 7 FCPATH\index.php(67): CodeIgniter\CodeIgniter->run()
 8 SYSTEMPATH\Commands\Server\rewrite.php(46): require_once('FCPATH\\index.php')
CRITICAL - 2022-11-12 06:19:13 --> The route for "dashboard" cannot be found.
in SYSTEMPATH\HTTP\RedirectResponse.php on line 60.
 1 SYSTEMPATH\HTTP\RedirectResponse.php(60): CodeIgniter\HTTP\Exceptions\HTTPException::forInvalidRedirectRoute('dashboard')
 2 SYSTEMPATH\Common.php(860): CodeIgniter\HTTP\RedirectResponse->route(false)
 3 APPPATH\Controllers\Login.php(13): redirect('dashboard')
 4 SYSTEMPATH\CodeIgniter.php(889): App\Controllers\Login->__construct()
 5 SYSTEMPATH\CodeIgniter.php(473): CodeIgniter\CodeIgniter->createController()
 6 SYSTEMPATH\CodeIgniter.php(351): CodeIgniter\CodeIgniter->handleRequest(null, Object(Config\Cache), false)
 7 FCPATH\index.php(67): CodeIgniter\CodeIgniter->run()
 8 SYSTEMPATH\Commands\Server\rewrite.php(46): require_once('FCPATH\\index.php')
CRITICAL - 2022-11-12 06:19:13 --> The route for "dashboard" cannot be found.
in SYSTEMPATH\HTTP\RedirectResponse.php on line 60.
 1 SYSTEMPATH\HTTP\RedirectResponse.php(60): CodeIgniter\HTTP\Exceptions\HTTPException::forInvalidRedirectRoute('dashboard')
 2 SYSTEMPATH\Common.php(860): CodeIgniter\HTTP\RedirectResponse->route(false)
 3 APPPATH\Controllers\Login.php(13): redirect('dashboard')
 4 SYSTEMPATH\CodeIgniter.php(889): App\Controllers\Login->__construct()
 5 SYSTEMPATH\CodeIgniter.php(473): CodeIgniter\CodeIgniter->createController()
 6 SYSTEMPATH\CodeIgniter.php(351): CodeIgniter\CodeIgniter->handleRequest(null, Object(Config\Cache), false)
 7 FCPATH\index.php(67): CodeIgniter\CodeIgniter->run()
 8 SYSTEMPATH\Commands\Server\rewrite.php(46): require_once('FCPATH\\index.php')
CRITICAL - 2022-11-12 06:19:13 --> The route for "dashboard" cannot be found.
in SYSTEMPATH\HTTP\RedirectResponse.php on line 60.
 1 SYSTEMPATH\HTTP\RedirectResponse.php(60): CodeIgniter\HTTP\Exceptions\HTTPException::forInvalidRedirectRoute('dashboard')
 2 SYSTEMPATH\Common.php(860): CodeIgniter\HTTP\RedirectResponse->route(false)
 3 APPPATH\Controllers\Login.php(13): redirect('dashboard')
 4 SYSTEMPATH\CodeIgniter.php(889): App\Controllers\Login->__construct()
 5 SYSTEMPATH\CodeIgniter.php(473): CodeIgniter\CodeIgniter->createController()
 6 SYSTEMPATH\CodeIgniter.php(351): CodeIgniter\CodeIgniter->handleRequest(null, Object(Config\Cache), false)
 7 FCPATH\index.php(67): CodeIgniter\CodeIgniter->run()
 8 SYSTEMPATH\Commands\Server\rewrite.php(46): require_once('FCPATH\\index.php')
CRITICAL - 2022-11-12 06:19:27 --> The route for "http://localhost:8080/dashboard" cannot be found.
in SYSTEMPATH\HTTP\RedirectResponse.php on line 60.
 1 SYSTEMPATH\HTTP\RedirectResponse.php(60): CodeIgniter\HTTP\Exceptions\HTTPException::forInvalidRedirectRoute('http://localhost:8080/dashboard')
 2 SYSTEMPATH\Common.php(860): CodeIgniter\HTTP\RedirectResponse->route(false)
 3 APPPATH\Controllers\Login.php(13): redirect('http://localhost:8080/dashboard')
 4 SYSTEMPATH\CodeIgniter.php(889): App\Controllers\Login->__construct()
 5 SYSTEMPATH\CodeIgniter.php(473): CodeIgniter\CodeIgniter->createController()
 6 SYSTEMPATH\CodeIgniter.php(351): CodeIgniter\CodeIgniter->handleRequest(null, Object(Config\Cache), false)
 7 FCPATH\index.php(67): CodeIgniter\CodeIgniter->run()
 8 SYSTEMPATH\Commands\Server\rewrite.php(46): require_once('FCPATH\\index.php')
CRITICAL - 2022-11-12 06:19:40 --> Class "CI_controller" not found
in APPPATH\Controllers\Pages.php on line 2.
 1 SYSTEMPATH\Autoloader\Autoloader.php(282): include_once()
 2 SYSTEMPATH\Autoloader\Autoloader.php(259): CodeIgniter\Autoloader\Autoloader->includeFile('APPPATH\\Controllers\\Pages.php')
 3 SYSTEMPATH\Autoloader\Autoloader.php(237): CodeIgniter\Autoloader\Autoloader->loadInNamespace('App\\Controllers\\pages')
 4 [internal function]: CodeIgniter\Autoloader\Autoloader->loadClass('App\\Controllers\\pages')
 5 SYSTEMPATH\CodeIgniter.php(877): class_exists('\\App\\Controllers\\pages', true)
 6 SYSTEMPATH\CodeIgniter.php(469): CodeIgniter\CodeIgniter->startController()
 7 SYSTEMPATH\CodeIgniter.php(351): CodeIgniter\CodeIgniter->handleRequest(null, Object(Config\Cache), false)
 8 FCPATH\index.php(67): CodeIgniter\CodeIgniter->run()
 9 SYSTEMPATH\Commands\Server\rewrite.php(46): require_once('FCPATH\\index.php')
CRITICAL - 2022-11-12 06:20:10 --> Class "CI_controller" not found
in APPPATH\Controllers\Pages.php on line 2.
 1 SYSTEMPATH\Autoloader\Autoloader.php(282): include_once()
 2 SYSTEMPATH\Autoloader\Autoloader.php(259): CodeIgniter\Autoloader\Autoloader->includeFile('APPPATH\\Controllers\\Pages.php')
 3 SYSTEMPATH\Autoloader\Autoloader.php(237): CodeIgniter\Autoloader\Autoloader->loadInNamespace('App\\Controllers\\pages')
 4 [internal function]: CodeIgniter\Autoloader\Autoloader->loadClass('App\\Controllers\\pages')
 5 SYSTEMPATH\CodeIgniter.php(877): class_exists('\\App\\Controllers\\pages', true)
 6 SYSTEMPATH\CodeIgniter.php(469): CodeIgniter\CodeIgniter->startController()
 7 SYSTEMPATH\CodeIgniter.php(351): CodeIgniter\CodeIgniter->handleRequest(null, Object(Config\Cache), false)
 8 FCPATH\index.php(67): CodeIgniter\CodeIgniter->run()
 9 SYSTEMPATH\Commands\Server\rewrite.php(46): require_once('FCPATH\\index.php')
CRITICAL - 2022-11-12 06:20:11 --> The route for "http://localhost:8080/dashboard" cannot be found.
in SYSTEMPATH\HTTP\RedirectResponse.php on line 60.
 1 SYSTEMPATH\HTTP\RedirectResponse.php(60): CodeIgniter\HTTP\Exceptions\HTTPException::forInvalidRedirectRoute('http://localhost:8080/dashboard')
 2 SYSTEMPATH\Common.php(860): CodeIgniter\HTTP\RedirectResponse->route(false)
 3 APPPATH\Controllers\Login.php(13): redirect('http://localhost:8080/dashboard')
 4 SYSTEMPATH\CodeIgniter.php(889): App\Controllers\Login->__construct()
 5 SYSTEMPATH\CodeIgniter.php(473): CodeIgniter\CodeIgniter->createController()
 6 SYSTEMPATH\CodeIgniter.php(351): CodeIgniter\CodeIgniter->handleRequest(null, Object(Config\Cache), false)
 7 FCPATH\index.php(67): CodeIgniter\CodeIgniter->run()
 8 SYSTEMPATH\Commands\Server\rewrite.php(46): require_once('FCPATH\\index.php')
CRITICAL - 2022-11-12 06:20:13 --> The route for "http://localhost:8080/dashboard" cannot be found.
in SYSTEMPATH\HTTP\RedirectResponse.php on line 60.
 1 SYSTEMPATH\HTTP\RedirectResponse.php(60): CodeIgniter\HTTP\Exceptions\HTTPException::forInvalidRedirectRoute('http://localhost:8080/dashboard')
 2 SYSTEMPATH\Common.php(860): CodeIgniter\HTTP\RedirectResponse->route(false)
 3 APPPATH\Controllers\Login.php(13): redirect('http://localhost:8080/dashboard')
 4 SYSTEMPATH\CodeIgniter.php(889): App\Controllers\Login->__construct()
 5 SYSTEMPATH\CodeIgniter.php(473): CodeIgniter\CodeIgniter->createController()
 6 SYSTEMPATH\CodeIgniter.php(351): CodeIgniter\CodeIgniter->handleRequest(null, Object(Config\Cache), false)
 7 FCPATH\index.php(67): CodeIgniter\CodeIgniter->run()
 8 SYSTEMPATH\Commands\Server\rewrite.php(46): require_once('FCPATH\\index.php')
CRITICAL - 2022-11-12 06:20:34 --> Class "CI_controller" not found
in APPPATH\Controllers\Pages.php on line 2.
 1 SYSTEMPATH\Autoloader\Autoloader.php(282): include_once()
 2 SYSTEMPATH\Autoloader\Autoloader.php(259): CodeIgniter\Autoloader\Autoloader->includeFile('APPPATH\\Controllers\\Pages.php')
 3 SYSTEMPATH\Autoloader\Autoloader.php(237): CodeIgniter\Autoloader\Autoloader->loadInNamespace('App\\Controllers\\pages')
 4 [internal function]: CodeIgniter\Autoloader\Autoloader->loadClass('App\\Controllers\\pages')
 5 SYSTEMPATH\CodeIgniter.php(877): class_exists('\\App\\Controllers\\pages', true)
 6 SYSTEMPATH\CodeIgniter.php(469): CodeIgniter\CodeIgniter->startController()
 7 SYSTEMPATH\CodeIgniter.php(351): CodeIgniter\CodeIgniter->handleRequest(null, Object(Config\Cache), false)
 8 FCPATH\index.php(67): CodeIgniter\CodeIgniter->run()
 9 SYSTEMPATH\Commands\Server\rewrite.php(46): require_once('FCPATH\\index.php')
CRITICAL - 2022-11-12 06:23:29 --> Class "controller" not found
in APPPATH\Controllers\Pages.php on line 2.
 1 SYSTEMPATH\Autoloader\Autoloader.php(282): include_once()
 2 SYSTEMPATH\Autoloader\Autoloader.php(259): CodeIgniter\Autoloader\Autoloader->includeFile('APPPATH\\Controllers\\Pages.php')
 3 SYSTEMPATH\Autoloader\Autoloader.php(237): CodeIgniter\Autoloader\Autoloader->loadInNamespace('App\\Controllers\\pages')
 4 [internal function]: CodeIgniter\Autoloader\Autoloader->loadClass('App\\Controllers\\pages')
 5 SYSTEMPATH\CodeIgniter.php(877): class_exists('\\App\\Controllers\\pages', true)
 6 SYSTEMPATH\CodeIgniter.php(469): CodeIgniter\CodeIgniter->startController()
 7 SYSTEMPATH\CodeIgniter.php(351): CodeIgniter\CodeIgniter->handleRequest(null, Object(Config\Cache), false)
 8 FCPATH\index.php(67): CodeIgniter\CodeIgniter->run()
 9 SYSTEMPATH\Commands\Server\rewrite.php(46): require_once('FCPATH\\index.php')
CRITICAL - 2022-11-12 06:23:36 --> Class "Controller" not found
in APPPATH\Controllers\Pages.php on line 2.
 1 SYSTEMPATH\Autoloader\Autoloader.php(282): include_once()
 2 SYSTEMPATH\Autoloader\Autoloader.php(259): CodeIgniter\Autoloader\Autoloader->includeFile('APPPATH\\Controllers\\Pages.php')
 3 SYSTEMPATH\Autoloader\Autoloader.php(237): CodeIgniter\Autoloader\Autoloader->loadInNamespace('App\\Controllers\\pages')
 4 [internal function]: CodeIgniter\Autoloader\Autoloader->loadClass('App\\Controllers\\pages')
 5 SYSTEMPATH\CodeIgniter.php(877): class_exists('\\App\\Controllers\\pages', true)
 6 SYSTEMPATH\CodeIgniter.php(469): CodeIgniter\CodeIgniter->startController()
 7 SYSTEMPATH\CodeIgniter.php(351): CodeIgniter\CodeIgniter->handleRequest(null, Object(Config\Cache), false)
 8 FCPATH\index.php(67): CodeIgniter\CodeIgniter->run()
 9 SYSTEMPATH\Commands\Server\rewrite.php(46): require_once('FCPATH\\index.php')
CRITICAL - 2022-11-12 06:23:48 --> Call to undefined method CodeIgniter\Session\Session::userdata()
in APPPATH\Controllers\Pages.php on line 16.
 1 SYSTEMPATH\CodeIgniter.php(927): App\Controllers\Pages->view()
 2 SYSTEMPATH\CodeIgniter.php(482): CodeIgniter\CodeIgniter->runController(Object(App\Controllers\Pages))
 3 SYSTEMPATH\CodeIgniter.php(351): CodeIgniter\CodeIgniter->handleRequest(null, Object(Config\Cache), false)
 4 FCPATH\index.php(67): CodeIgniter\CodeIgniter->run()
 5 SYSTEMPATH\Commands\Server\rewrite.php(46): require_once('FCPATH\\index.php')
CRITICAL - 2022-11-12 06:31:21 --> Call to undefined method CodeIgniter\Session\Session::userdata()
in APPPATH\Controllers\Pages.php on line 19.
 1 SYSTEMPATH\CodeIgniter.php(927): App\Controllers\Pages->view()
 2 SYSTEMPATH\CodeIgniter.php(482): CodeIgniter\CodeIgniter->runController(Object(App\Controllers\Pages))
 3 SYSTEMPATH\CodeIgniter.php(351): CodeIgniter\CodeIgniter->handleRequest(null, Object(Config\Cache), false)
 4 FCPATH\index.php(67): CodeIgniter\CodeIgniter->run()
 5 SYSTEMPATH\Commands\Server\rewrite.php(46): require_once('FCPATH\\index.php')
CRITICAL - 2022-11-12 06:32:09 --> Call to undefined function App\Controllers\get_menu()
in APPPATH\Controllers\Pages.php on line 18.
 1 SYSTEMPATH\CodeIgniter.php(927): App\Controllers\Pages->view()
 2 SYSTEMPATH\CodeIgniter.php(482): CodeIgniter\CodeIgniter->runController(Object(App\Controllers\Pages))
 3 SYSTEMPATH\CodeIgniter.php(351): CodeIgniter\CodeIgniter->handleRequest(null, Object(Config\Cache), false)
 4 FCPATH\index.php(67): CodeIgniter\CodeIgniter->run()
 5 SYSTEMPATH\Commands\Server\rewrite.php(46): require_once('FCPATH\\index.php')
CRITICAL - 2022-11-12 06:32:19 --> Call to undefined method CodeIgniter\Session\Session::userdata()
in APPPATH\Controllers\Pages.php on line 17.
 1 SYSTEMPATH\CodeIgniter.php(927): App\Controllers\Pages->view()
 2 SYSTEMPATH\CodeIgniter.php(482): CodeIgniter\CodeIgniter->runController(Object(App\Controllers\Pages))
 3 SYSTEMPATH\CodeIgniter.php(351): CodeIgniter\CodeIgniter->handleRequest(null, Object(Config\Cache), false)
 4 FCPATH\index.php(67): CodeIgniter\CodeIgniter->run()
 5 SYSTEMPATH\Commands\Server\rewrite.php(46): require_once('FCPATH\\index.php')
CRITICAL - 2022-11-12 06:32:54 --> Call to undefined function App\Controllers\get_menu()
in APPPATH\Controllers\Pages.php on line 18.
 1 SYSTEMPATH\CodeIgniter.php(927): App\Controllers\Pages->view()
 2 SYSTEMPATH\CodeIgniter.php(482): CodeIgniter\CodeIgniter->runController(Object(App\Controllers\Pages))
 3 SYSTEMPATH\CodeIgniter.php(351): CodeIgniter\CodeIgniter->handleRequest(null, Object(Config\Cache), false)
 4 FCPATH\index.php(67): CodeIgniter\CodeIgniter->run()
 5 SYSTEMPATH\Commands\Server\rewrite.php(46): require_once('FCPATH\\index.php')
CRITICAL - 2022-11-12 06:35:13 --> Call to undefined function App\Controllers\get_menu()
in APPPATH\Controllers\Pages.php on line 21.
 1 SYSTEMPATH\CodeIgniter.php(927): App\Controllers\Pages->view()
 2 SYSTEMPATH\CodeIgniter.php(482): CodeIgniter\CodeIgniter->runController(Object(App\Controllers\Pages))
 3 SYSTEMPATH\CodeIgniter.php(351): CodeIgniter\CodeIgniter->handleRequest(null, Object(Config\Cache), false)
 4 FCPATH\index.php(67): CodeIgniter\CodeIgniter->run()
 5 SYSTEMPATH\Commands\Server\rewrite.php(46): require_once('FCPATH\\index.php')
CRITICAL - 2022-11-12 06:35:38 --> The route for "dashboard" cannot be found.
in SYSTEMPATH\HTTP\RedirectResponse.php on line 60.
 1 SYSTEMPATH\HTTP\RedirectResponse.php(60): CodeIgniter\HTTP\Exceptions\HTTPException::forInvalidRedirectRoute('dashboard')
 2 SYSTEMPATH\Common.php(860): CodeIgniter\HTTP\RedirectResponse->route(false)
 3 APPPATH\Controllers\Login.php(13): redirect('dashboard', 'refresh')
 4 SYSTEMPATH\CodeIgniter.php(889): App\Controllers\Login->__construct()
 5 SYSTEMPATH\CodeIgniter.php(473): CodeIgniter\CodeIgniter->createController()
 6 SYSTEMPATH\CodeIgniter.php(351): CodeIgniter\CodeIgniter->handleRequest(null, Object(Config\Cache), false)
 7 FCPATH\index.php(67): CodeIgniter\CodeIgniter->run()
 8 SYSTEMPATH\Commands\Server\rewrite.php(46): require_once('FCPATH\\index.php')
CRITICAL - 2022-11-12 06:36:13 --> Call to undefined function App\Controllers\get_menu()
in APPPATH\Controllers\Pages.php on line 19.
 1 SYSTEMPATH\CodeIgniter.php(927): App\Controllers\Pages->view()
 2 SYSTEMPATH\CodeIgniter.php(482): CodeIgniter\CodeIgniter->runController(Object(App\Controllers\Pages))
 3 SYSTEMPATH\CodeIgniter.php(351): CodeIgniter\CodeIgniter->handleRequest(null, Object(Config\Cache), false)
 4 FCPATH\index.php(67): CodeIgniter\CodeIgniter->run()
 5 SYSTEMPATH\Commands\Server\rewrite.php(46): require_once('FCPATH\\index.php')
CRITICAL - 2022-11-12 06:39:59 --> Call to undefined function App\Controllers\get_menu()
in APPPATH\Controllers\Pages.php on line 19.
 1 SYSTEMPATH\CodeIgniter.php(927): App\Controllers\Pages->view()
 2 SYSTEMPATH\CodeIgniter.php(482): CodeIgniter\CodeIgniter->runController(Object(App\Controllers\Pages))
 3 SYSTEMPATH\CodeIgniter.php(351): CodeIgniter\CodeIgniter->handleRequest(null, Object(Config\Cache), false)
 4 FCPATH\index.php(67): CodeIgniter\CodeIgniter->run()
 5 SYSTEMPATH\Commands\Server\rewrite.php(46): require_once('FCPATH\\index.php')
CRITICAL - 2022-11-12 06:40:25 --> The route for "http://localhost:8080/counsellor/dashboard" cannot be found.
in SYSTEMPATH\HTTP\RedirectResponse.php on line 60.
 1 SYSTEMPATH\HTTP\RedirectResponse.php(60): CodeIgniter\HTTP\Exceptions\HTTPException::forInvalidRedirectRoute('http://localhost:8080/counsellor/dashboard')
 2 SYSTEMPATH\Common.php(860): CodeIgniter\HTTP\RedirectResponse->route(false)
 3 APPPATH\Controllers\Pages.php(11): redirect('http://localhost:8080/counsellor/dashboard')
 4 SYSTEMPATH\CodeIgniter.php(889): App\Controllers\Pages->__construct()
 5 SYSTEMPATH\CodeIgniter.php(473): CodeIgniter\CodeIgniter->createController()
 6 SYSTEMPATH\CodeIgniter.php(351): CodeIgniter\CodeIgniter->handleRequest(null, Object(Config\Cache), false)
 7 FCPATH\index.php(67): CodeIgniter\CodeIgniter->run()
 8 SYSTEMPATH\Commands\Server\rewrite.php(46): require_once('FCPATH\\index.php')
CRITICAL - 2022-11-12 06:40:34 --> The route for "http://localhost:8080/counsellor/dashboard" cannot be found.
in SYSTEMPATH\HTTP\RedirectResponse.php on line 60.
 1 SYSTEMPATH\HTTP\RedirectResponse.php(60): CodeIgniter\HTTP\Exceptions\HTTPException::forInvalidRedirectRoute('http://localhost:8080/counsellor/dashboard')
 2 SYSTEMPATH\Common.php(860): CodeIgniter\HTTP\RedirectResponse->route(false)
 3 APPPATH\Controllers\Pages.php(11): redirect('http://localhost:8080/counsellor/dashboard')
 4 SYSTEMPATH\CodeIgniter.php(889): App\Controllers\Pages->__construct()
 5 SYSTEMPATH\CodeIgniter.php(473): CodeIgniter\CodeIgniter->createController()
 6 SYSTEMPATH\CodeIgniter.php(351): CodeIgniter\CodeIgniter->handleRequest(null, Object(Config\Cache), false)
 7 FCPATH\index.php(67): CodeIgniter\CodeIgniter->run()
 8 SYSTEMPATH\Commands\Server\rewrite.php(46): require_once('FCPATH\\index.php')
