CRITICAL - 2022-11-11 11:01:31 --> Undefined property: App\Controllers\Login::$session
in APPPATH\Controllers\Login.php on line 10.
 1 APPPATH\Controllers\Login.php(10): CodeIgniter\Debug\Exceptions->errorHandler(2, 'Undefined property: App\\Controllers\\Login::$session', 'APPPATH\\Controllers\\Login.php', 10)
 2 SYSTEMPATH\CodeIgniter.php(889): App\Controllers\Login->__construct()
 3 SYSTEMPATH\CodeIgniter.php(473): CodeIgniter\CodeIgniter->createController()
 4 SYSTEMPATH\CodeIgniter.php(351): CodeIgniter\CodeIgniter->handleRequest(null, Object(Config\Cache), false)
 5 FCPATH\index.php(67): CodeIgniter\CodeIgniter->run()
CRITICAL - 2022-11-11 04:12:57 --> Undefined property: App\Controllers\Login::$load
in APPPATH\Controllers\Login.php on line 13.
 1 APPPATH\Controllers\Login.php(13): CodeIgniter\Debug\Exceptions->errorHandler(2, 'Undefined property: App\\Controllers\\Login::$load', 'APPPATH\\Controllers\\Login.php', 13)
 2 SYSTEMPATH\CodeIgniter.php(927): App\Controllers\Login->index()
 3 SYSTEMPATH\CodeIgniter.php(482): CodeIgniter\CodeIgniter->runController(Object(App\Controllers\Login))
 4 SYSTEMPATH\CodeIgniter.php(351): CodeIgniter\CodeIgniter->handleRequest(null, Object(Config\Cache), false)
 5 FCPATH\index.php(67): CodeIgniter\CodeIgniter->run()
CRITICAL - 2022-11-11 04:13:07 --> Undefined variable $allow
in APPPATH\Views\loginpage.php on line 33.
 1 APPPATH\Views\loginpage.php(33): CodeIgniter\Debug\Exceptions->errorHandler(2, 'Undefined variable $allow', 'APPPATH\\Views\\loginpage.php', 33)
 2 SYSTEMPATH\View\View.php(213): include('APPPATH\\Views\\loginpage.php')
 3 SYSTEMPATH\View\View.php(216): CodeIgniter\View\View->CodeIgniter\View\{closure}()
 4 SYSTEMPATH\Common.php(1134): CodeIgniter\View\View->render('loginpage', [], true)
 5 APPPATH\Controllers\Login.php(14): view('loginpage')
 6 SYSTEMPATH\CodeIgniter.php(927): App\Controllers\Login->index()
 7 SYSTEMPATH\CodeIgniter.php(482): CodeIgniter\CodeIgniter->runController(Object(App\Controllers\Login))
 8 SYSTEMPATH\CodeIgniter.php(351): CodeIgniter\CodeIgniter->handleRequest(null, Object(Config\Cache), false)
 9 FCPATH\index.php(67): CodeIgniter\CodeIgniter->run()
CRITICAL - 2022-11-11 04:19:00 --> Undefined property: App\Controllers\Login::$curd_model
in APPPATH\Controllers\Login.php on line 15.
 1 APPPATH\Controllers\Login.php(15): CodeIgniter\Debug\Exceptions->errorHandler(2, 'Undefined property: App\\Controllers\\Login::$curd_model', 'APPPATH\\Controllers\\Login.php', 15)
 2 SYSTEMPATH\CodeIgniter.php(927): App\Controllers\Login->index()
 3 SYSTEMPATH\CodeIgniter.php(482): CodeIgniter\CodeIgniter->runController(Object(App\Controllers\Login))
 4 SYSTEMPATH\CodeIgniter.php(351): CodeIgniter\CodeIgniter->handleRequest(null, Object(Config\Cache), false)
 5 FCPATH\index.php(67): CodeIgniter\CodeIgniter->run()
CRITICAL - 2022-11-11 04:44:29 --> Undefined property: App\Controllers\Login::$curd_model
in APPPATH\Controllers\Login.php on line 15.
 1 APPPATH\Controllers\Login.php(15): CodeIgniter\Debug\Exceptions->errorHandler(2, 'Undefined property: App\\Controllers\\Login::$curd_model', 'APPPATH\\Controllers\\Login.php', 15)
 2 SYSTEMPATH\CodeIgniter.php(927): App\Controllers\Login->index()
 3 SYSTEMPATH\CodeIgniter.php(482): CodeIgniter\CodeIgniter->runController(Object(App\Controllers\Login))
 4 SYSTEMPATH\CodeIgniter.php(351): CodeIgniter\CodeIgniter->handleRequest(null, Object(Config\Cache), false)
 5 FCPATH\index.php(67): CodeIgniter\CodeIgniter->run()
CRITICAL - 2022-11-11 04:55:41 --> Class "App\Controllers\CurdModel" not found
in APPPATH\Controllers\Login.php on line 15.
 1 SYSTEMPATH\CodeIgniter.php(927): App\Controllers\Login->index()
 2 SYSTEMPATH\CodeIgniter.php(482): CodeIgniter\CodeIgniter->runController(Object(App\Controllers\Login))
 3 SYSTEMPATH\CodeIgniter.php(351): CodeIgniter\CodeIgniter->handleRequest(null, Object(Config\Cache), false)
 4 FCPATH\index.php(67): CodeIgniter\CodeIgniter->run()
CRITICAL - 2022-11-11 04:59:44 --> Declaration of App\Models\CurdModel::insert($table, $data) must be compatible with CodeIgniter\Model::insert($data = null, bool $returnID = true)
in APPPATH\Models\CurdModel.php on line 53.
 1 [internal function]: CodeIgniter\Debug\Exceptions->shutdownHandler()
CRITICAL - 2022-11-11 05:01:07 --> Declaration of App\Models\CurdModel::update($table, $data, $where) must be compatible with CodeIgniter\Model::update($id = null, $data = null): bool
in APPPATH\Models\CurdModel.php on line 64.
 1 [internal function]: CodeIgniter\Debug\Exceptions->shutdownHandler()
CRITICAL - 2022-11-11 05:01:07 --> Declaration of App\Models\CurdModel::update($table, $data, $where) must be compatible with CodeIgniter\Model::update($id = null, $data = null): bool
in APPPATH\Models\CurdModel.php on line 64.
 1 [internal function]: CodeIgniter\Debug\Exceptions->shutdownHandler()
CRITICAL - 2022-11-11 05:01:37 --> Undefined constant "CodeIgniter\Debug\VENDORPATH"
in SYSTEMPATH\Debug\Exceptions.php on line 177.
 1 SYSTEMPATH\Debug\Exceptions.php(157): CodeIgniter\Debug\Exceptions->isFakerDeprecationError(8192, 'Optional parameter $table declared before required parameter $where is implicitly treated as a required parameter', 'APPPATH\\Models\\CurdModel.php', 64)
 2 SYSTEMPATH\Autoloader\Autoloader.php(282): CodeIgniter\Debug\Exceptions->errorHandler(8192, 'Optional parameter $table declared before required parameter $where is implicitly treated as a required parameter', 'APPPATH\\Models\\CurdModel.php', 64)
 3 SYSTEMPATH\Autoloader\Autoloader.php(282): include_once('SYSTEMPATH\\Debug\\Exceptions.php')
 4 SYSTEMPATH\Autoloader\Autoloader.php(259): CodeIgniter\Autoloader\Autoloader->includeFile('APPPATH\\Models\\CurdModel.php')
 5 SYSTEMPATH\Autoloader\Autoloader.php(237): CodeIgniter\Autoloader\Autoloader->loadInNamespace('App\\Models\\CurdModel')
 6 APPPATH\Controllers\Login.php(16): CodeIgniter\Autoloader\Autoloader->loadClass('App\\Models\\CurdModel')
 7 SYSTEMPATH\CodeIgniter.php(927): App\Controllers\Login->index()
 8 SYSTEMPATH\CodeIgniter.php(482): CodeIgniter\CodeIgniter->runController(Object(App\Controllers\Login))
 9 SYSTEMPATH\CodeIgniter.php(351): CodeIgniter\CodeIgniter->handleRequest(null, Object(Config\Cache), false)
10 FCPATH\index.php(67): CodeIgniter\CodeIgniter->run()
CRITICAL - 2022-11-11 05:02:23 --> Undefined constant "CodeIgniter\Debug\VENDORPATH"
in SYSTEMPATH\Debug\Exceptions.php on line 177.
 1 SYSTEMPATH\Debug\Exceptions.php(157): CodeIgniter\Debug\Exceptions->isFakerDeprecationError(8192, 'Optional parameter $table declared before required parameter $where is implicitly treated as a required parameter', 'APPPATH\\Models\\CurdModel.php', 64)
 2 SYSTEMPATH\Autoloader\Autoloader.php(282): CodeIgniter\Debug\Exceptions->errorHandler(8192, 'Optional parameter $table declared before required parameter $where is implicitly treated as a required parameter', 'APPPATH\\Models\\CurdModel.php', 64)
 3 SYSTEMPATH\Autoloader\Autoloader.php(282): include_once('SYSTEMPATH\\Debug\\Exceptions.php')
 4 SYSTEMPATH\Autoloader\Autoloader.php(259): CodeIgniter\Autoloader\Autoloader->includeFile('APPPATH\\Models\\CurdModel.php')
 5 SYSTEMPATH\Autoloader\Autoloader.php(237): CodeIgniter\Autoloader\Autoloader->loadInNamespace('App\\Models\\CurdModel')
 6 APPPATH\Controllers\Login.php(16): CodeIgniter\Autoloader\Autoloader->loadClass('App\\Models\\CurdModel')
 7 SYSTEMPATH\CodeIgniter.php(927): App\Controllers\Login->index()
 8 SYSTEMPATH\CodeIgniter.php(482): CodeIgniter\CodeIgniter->runController(Object(App\Controllers\Login))
 9 SYSTEMPATH\CodeIgniter.php(351): CodeIgniter\CodeIgniter->handleRequest(null, Object(Config\Cache), false)
10 FCPATH\index.php(67): CodeIgniter\CodeIgniter->run()
CRITICAL - 2022-11-11 05:03:54 --> Declaration of App\Models\CurdModel::update($table = true, $data = null, $where = null) must be compatible with CodeIgniter\Model::update($id = null, $data = null): bool
in APPPATH\Models\CurdModel.php on line 64.
 1 [internal function]: CodeIgniter\Debug\Exceptions->shutdownHandler()
CRITICAL - 2022-11-11 05:04:16 --> Declaration of App\Models\CurdModel::update($table = true, $data = 1, $where = 1) must be compatible with CodeIgniter\Model::update($id = null, $data = null): bool
in APPPATH\Models\CurdModel.php on line 64.
 1 [internal function]: CodeIgniter\Debug\Exceptions->shutdownHandler()
CRITICAL - 2022-11-11 05:04:26 --> Declaration of App\Models\CurdModel::update($table = true, $data = true, $where = true) must be compatible with CodeIgniter\Model::update($id = null, $data = null): bool
in APPPATH\Models\CurdModel.php on line 64.
 1 [internal function]: CodeIgniter\Debug\Exceptions->shutdownHandler()
CRITICAL - 2022-11-11 05:04:55 --> Declaration of App\Models\CurdModel::update($table = true, $data = null, $where = true) must be compatible with CodeIgniter\Model::update($id = null, $data = null): bool
in APPPATH\Models\CurdModel.php on line 64.
 1 [internal function]: CodeIgniter\Debug\Exceptions->shutdownHandler()
CRITICAL - 2022-11-11 05:06:36 --> Declaration of App\Models\CurdModel::delete($table, $where) must be compatible with CodeIgniter\BaseModel::delete($id = null, bool $purge = false)
in APPPATH\Models\CurdModel.php on line 14.
 1 [internal function]: CodeIgniter\Debug\Exceptions->shutdownHandler()
CRITICAL - 2022-11-11 05:08:58 --> Declaration of App\Models\CurdModel::update($table = true, $data = null, $where = 1) must be compatible with CodeIgniter\Model::update($id = null, $data = null): bool
in APPPATH\Models\CurdModel.php on line 64.
 1 [internal function]: CodeIgniter\Debug\Exceptions->shutdownHandler()
CRITICAL - 2022-11-11 05:08:59 --> Declaration of App\Models\CurdModel::update($table = true, $data = null, $where = 1) must be compatible with CodeIgniter\Model::update($id = null, $data = null): bool
in APPPATH\Models\CurdModel.php on line 64.
 1 [internal function]: CodeIgniter\Debug\Exceptions->shutdownHandler()
CRITICAL - 2022-11-11 05:08:59 --> Declaration of App\Models\CurdModel::update($table = true, $data = null, $where = 1) must be compatible with CodeIgniter\Model::update($id = null, $data = null): bool
in APPPATH\Models\CurdModel.php on line 64.
 1 [internal function]: CodeIgniter\Debug\Exceptions->shutdownHandler()
CRITICAL - 2022-11-11 05:08:59 --> Declaration of App\Models\CurdModel::update($table = true, $data = null, $where = 1) must be compatible with CodeIgniter\Model::update($id = null, $data = null): bool
in APPPATH\Models\CurdModel.php on line 64.
 1 [internal function]: CodeIgniter\Debug\Exceptions->shutdownHandler()
CRITICAL - 2022-11-11 05:08:59 --> Declaration of App\Models\CurdModel::update($table = true, $data = null, $where = 1) must be compatible with CodeIgniter\Model::update($id = null, $data = null): bool
in APPPATH\Models\CurdModel.php on line 64.
 1 [internal function]: CodeIgniter\Debug\Exceptions->shutdownHandler()
CRITICAL - 2022-11-11 05:09:00 --> Declaration of App\Models\CurdModel::update($table = true, $data = null, $where = 1) must be compatible with CodeIgniter\Model::update($id = null, $data = null): bool
in APPPATH\Models\CurdModel.php on line 64.
 1 [internal function]: CodeIgniter\Debug\Exceptions->shutdownHandler()
CRITICAL - 2022-11-11 05:09:00 --> Declaration of App\Models\CurdModel::update($table = true, $data = null, $where = 1) must be compatible with CodeIgniter\Model::update($id = null, $data = null): bool
in APPPATH\Models\CurdModel.php on line 64.
 1 [internal function]: CodeIgniter\Debug\Exceptions->shutdownHandler()
CRITICAL - 2022-11-11 05:09:00 --> Declaration of App\Models\CurdModel::update($table = true, $data = null, $where = 1) must be compatible with CodeIgniter\Model::update($id = null, $data = null): bool
in APPPATH\Models\CurdModel.php on line 64.
 1 [internal function]: CodeIgniter\Debug\Exceptions->shutdownHandler()
CRITICAL - 2022-11-11 05:09:00 --> Declaration of App\Models\CurdModel::update($table = true, $data = null, $where = 1) must be compatible with CodeIgniter\Model::update($id = null, $data = null): bool
in APPPATH\Models\CurdModel.php on line 64.
 1 [internal function]: CodeIgniter\Debug\Exceptions->shutdownHandler()
CRITICAL - 2022-11-11 05:09:00 --> Declaration of App\Models\CurdModel::update($table = true, $data = null, $where = 1) must be compatible with CodeIgniter\Model::update($id = null, $data = null): bool
in APPPATH\Models\CurdModel.php on line 64.
 1 [internal function]: CodeIgniter\Debug\Exceptions->shutdownHandler()
CRITICAL - 2022-11-11 05:09:01 --> Declaration of App\Models\CurdModel::update($table = true, $data = null, $where = 1) must be compatible with CodeIgniter\Model::update($id = null, $data = null): bool
in APPPATH\Models\CurdModel.php on line 64.
 1 [internal function]: CodeIgniter\Debug\Exceptions->shutdownHandler()
CRITICAL - 2022-11-11 05:09:01 --> Declaration of App\Models\CurdModel::update($table = true, $data = null, $where = 1) must be compatible with CodeIgniter\Model::update($id = null, $data = null): bool
in APPPATH\Models\CurdModel.php on line 64.
 1 [internal function]: CodeIgniter\Debug\Exceptions->shutdownHandler()
CRITICAL - 2022-11-11 05:09:01 --> Declaration of App\Models\CurdModel::update($table = true, $data = null, $where = 1) must be compatible with CodeIgniter\Model::update($id = null, $data = null): bool
in APPPATH\Models\CurdModel.php on line 64.
 1 [internal function]: CodeIgniter\Debug\Exceptions->shutdownHandler()
CRITICAL - 2022-11-11 05:09:01 --> Declaration of App\Models\CurdModel::update($table = true, $data = null, $where = 1) must be compatible with CodeIgniter\Model::update($id = null, $data = null): bool
in APPPATH\Models\CurdModel.php on line 64.
 1 [internal function]: CodeIgniter\Debug\Exceptions->shutdownHandler()
CRITICAL - 2022-11-11 05:09:01 --> Declaration of App\Models\CurdModel::update($table = true, $data = null, $where = 1) must be compatible with CodeIgniter\Model::update($id = null, $data = null): bool
in APPPATH\Models\CurdModel.php on line 64.
 1 [internal function]: CodeIgniter\Debug\Exceptions->shutdownHandler()
CRITICAL - 2022-11-11 05:09:01 --> Declaration of App\Models\CurdModel::update($table = true, $data = null, $where = 1) must be compatible with CodeIgniter\Model::update($id = null, $data = null): bool
in APPPATH\Models\CurdModel.php on line 64.
 1 [internal function]: CodeIgniter\Debug\Exceptions->shutdownHandler()
CRITICAL - 2022-11-11 05:09:02 --> Declaration of App\Models\CurdModel::update($table = true, $data = null, $where = 1) must be compatible with CodeIgniter\Model::update($id = null, $data = null): bool
in APPPATH\Models\CurdModel.php on line 64.
 1 [internal function]: CodeIgniter\Debug\Exceptions->shutdownHandler()
CRITICAL - 2022-11-11 05:09:18 --> Call to undefined method CodeIgniter\Database\MySQLi\Connection::select()
in APPPATH\Models\CurdModel.php on line 8.
 1 APPPATH\Controllers\Login.php(17): App\Models\CurdModel->get_1('ip_address', 'allowed_ip', [...])
 2 SYSTEMPATH\CodeIgniter.php(927): App\Controllers\Login->index()
 3 SYSTEMPATH\CodeIgniter.php(482): CodeIgniter\CodeIgniter->runController(Object(App\Controllers\Login))
 4 SYSTEMPATH\CodeIgniter.php(351): CodeIgniter\CodeIgniter->handleRequest(null, Object(Config\Cache), false)
 5 FCPATH\index.php(67): CodeIgniter\CodeIgniter->run()
CRITICAL - 2022-11-11 05:24:51 --> Call to undefined method CodeIgniter\Database\MySQLi\Connection::select()
in APPPATH\Models\CurdModel.php on line 8.
 1 APPPATH\Controllers\Login.php(17): App\Models\CurdModel->get_1('ip_address', 'allowed_ip', [...])
 2 SYSTEMPATH\CodeIgniter.php(927): App\Controllers\Login->index()
 3 SYSTEMPATH\CodeIgniter.php(482): CodeIgniter\CodeIgniter->runController(Object(App\Controllers\Login))
 4 SYSTEMPATH\CodeIgniter.php(351): CodeIgniter\CodeIgniter->handleRequest(null, Object(Config\Cache), false)
 5 FCPATH\index.php(67): CodeIgniter\CodeIgniter->run()
CRITICAL - 2022-11-11 06:15:36 --> Undefined variable $db
in APPPATH\Models\CurdModel.php on line 8.
 1 APPPATH\Models\CurdModel.php(8): CodeIgniter\Debug\Exceptions->errorHandler(2, 'Undefined variable $db', 'APPPATH\\Models\\CurdModel.php', 8)
 2 APPPATH\Controllers\Login.php(17): App\Models\CurdModel->get_1('ip_address', 'allowed_ip', [...])
 3 SYSTEMPATH\CodeIgniter.php(927): App\Controllers\Login->index()
 4 SYSTEMPATH\CodeIgniter.php(482): CodeIgniter\CodeIgniter->runController(Object(App\Controllers\Login))
 5 SYSTEMPATH\CodeIgniter.php(351): CodeIgniter\CodeIgniter->handleRequest(null, Object(Config\Cache), false)
 6 FCPATH\index.php(67): CodeIgniter\CodeIgniter->run()
CRITICAL - 2022-11-11 06:16:30 --> syntax error, unexpected variable "$db", expecting "function" or "const"
in APPPATH\Models\CurdModel.php on line 7.
 1 SYSTEMPATH\Autoloader\Autoloader.php(259): CodeIgniter\Autoloader\Autoloader->includeFile('APPPATH\\Models\\CurdModel.php')
 2 SYSTEMPATH\Autoloader\Autoloader.php(237): CodeIgniter\Autoloader\Autoloader->loadInNamespace('App\\Models\\CurdModel')
 3 APPPATH\Controllers\Login.php(16): CodeIgniter\Autoloader\Autoloader->loadClass('App\\Models\\CurdModel')
 4 SYSTEMPATH\CodeIgniter.php(927): App\Controllers\Login->index()
 5 SYSTEMPATH\CodeIgniter.php(482): CodeIgniter\CodeIgniter->runController(Object(App\Controllers\Login))
 6 SYSTEMPATH\CodeIgniter.php(351): CodeIgniter\CodeIgniter->handleRequest(null, Object(Config\Cache), false)
 7 FCPATH\index.php(67): CodeIgniter\CodeIgniter->run()
CRITICAL - 2022-11-11 06:17:06 --> syntax error, unexpected variable "$db", expecting "function" or "const"
in APPPATH\Models\CurdModel.php on line 7.
 1 SYSTEMPATH\Autoloader\Autoloader.php(259): CodeIgniter\Autoloader\Autoloader->includeFile('APPPATH\\Models\\CurdModel.php')
 2 SYSTEMPATH\Autoloader\Autoloader.php(237): CodeIgniter\Autoloader\Autoloader->loadInNamespace('App\\Models\\CurdModel')
 3 APPPATH\Controllers\Login.php(16): CodeIgniter\Autoloader\Autoloader->loadClass('App\\Models\\CurdModel')
 4 SYSTEMPATH\CodeIgniter.php(927): App\Controllers\Login->index()
 5 SYSTEMPATH\CodeIgniter.php(482): CodeIgniter\CodeIgniter->runController(Object(App\Controllers\Login))
 6 SYSTEMPATH\CodeIgniter.php(351): CodeIgniter\CodeIgniter->handleRequest(null, Object(Config\Cache), false)
 7 FCPATH\index.php(67): CodeIgniter\CodeIgniter->run()
CRITICAL - 2022-11-11 06:17:06 --> syntax error, unexpected variable "$db", expecting "function" or "const"
in APPPATH\Models\CurdModel.php on line 7.
 1 SYSTEMPATH\Autoloader\Autoloader.php(259): CodeIgniter\Autoloader\Autoloader->includeFile('APPPATH\\Models\\CurdModel.php')
 2 SYSTEMPATH\Autoloader\Autoloader.php(237): CodeIgniter\Autoloader\Autoloader->loadInNamespace('App\\Models\\CurdModel')
 3 APPPATH\Controllers\Login.php(16): CodeIgniter\Autoloader\Autoloader->loadClass('App\\Models\\CurdModel')
 4 SYSTEMPATH\CodeIgniter.php(927): App\Controllers\Login->index()
 5 SYSTEMPATH\CodeIgniter.php(482): CodeIgniter\CodeIgniter->runController(Object(App\Controllers\Login))
 6 SYSTEMPATH\CodeIgniter.php(351): CodeIgniter\CodeIgniter->handleRequest(null, Object(Config\Cache), false)
 7 FCPATH\index.php(67): CodeIgniter\CodeIgniter->run()
CRITICAL - 2022-11-11 06:17:07 --> syntax error, unexpected variable "$db", expecting "function" or "const"
in APPPATH\Models\CurdModel.php on line 7.
 1 SYSTEMPATH\Autoloader\Autoloader.php(259): CodeIgniter\Autoloader\Autoloader->includeFile('APPPATH\\Models\\CurdModel.php')
 2 SYSTEMPATH\Autoloader\Autoloader.php(237): CodeIgniter\Autoloader\Autoloader->loadInNamespace('App\\Models\\CurdModel')
 3 APPPATH\Controllers\Login.php(16): CodeIgniter\Autoloader\Autoloader->loadClass('App\\Models\\CurdModel')
 4 SYSTEMPATH\CodeIgniter.php(927): App\Controllers\Login->index()
 5 SYSTEMPATH\CodeIgniter.php(482): CodeIgniter\CodeIgniter->runController(Object(App\Controllers\Login))
 6 SYSTEMPATH\CodeIgniter.php(351): CodeIgniter\CodeIgniter->handleRequest(null, Object(Config\Cache), false)
 7 FCPATH\index.php(67): CodeIgniter\CodeIgniter->run()
CRITICAL - 2022-11-11 06:17:07 --> syntax error, unexpected variable "$db", expecting "function" or "const"
in APPPATH\Models\CurdModel.php on line 7.
 1 SYSTEMPATH\Autoloader\Autoloader.php(259): CodeIgniter\Autoloader\Autoloader->includeFile('APPPATH\\Models\\CurdModel.php')
 2 SYSTEMPATH\Autoloader\Autoloader.php(237): CodeIgniter\Autoloader\Autoloader->loadInNamespace('App\\Models\\CurdModel')
 3 APPPATH\Controllers\Login.php(16): CodeIgniter\Autoloader\Autoloader->loadClass('App\\Models\\CurdModel')
 4 SYSTEMPATH\CodeIgniter.php(927): App\Controllers\Login->index()
 5 SYSTEMPATH\CodeIgniter.php(482): CodeIgniter\CodeIgniter->runController(Object(App\Controllers\Login))
 6 SYSTEMPATH\CodeIgniter.php(351): CodeIgniter\CodeIgniter->handleRequest(null, Object(Config\Cache), false)
 7 FCPATH\index.php(67): CodeIgniter\CodeIgniter->run()
CRITICAL - 2022-11-11 06:19:05 --> syntax error, unexpected variable "$db", expecting "function" or "const"
in APPPATH\Models\CurdModel.php on line 7.
 1 SYSTEMPATH\Autoloader\Autoloader.php(259): CodeIgniter\Autoloader\Autoloader->includeFile('APPPATH\\Models\\CurdModel.php')
 2 SYSTEMPATH\Autoloader\Autoloader.php(237): CodeIgniter\Autoloader\Autoloader->loadInNamespace('App\\Models\\CurdModel')
 3 APPPATH\Controllers\Login.php(16): CodeIgniter\Autoloader\Autoloader->loadClass('App\\Models\\CurdModel')
 4 SYSTEMPATH\CodeIgniter.php(927): App\Controllers\Login->index()
 5 SYSTEMPATH\CodeIgniter.php(482): CodeIgniter\CodeIgniter->runController(Object(App\Controllers\Login))
 6 SYSTEMPATH\CodeIgniter.php(351): CodeIgniter\CodeIgniter->handleRequest(null, Object(Config\Cache), false)
 7 FCPATH\index.php(67): CodeIgniter\CodeIgniter->run()
CRITICAL - 2022-11-11 06:19:08 --> syntax error, unexpected variable "$db", expecting "function" or "const"
in APPPATH\Models\CurdModel.php on line 7.
 1 SYSTEMPATH\Autoloader\Autoloader.php(259): CodeIgniter\Autoloader\Autoloader->includeFile('APPPATH\\Models\\CurdModel.php')
 2 SYSTEMPATH\Autoloader\Autoloader.php(237): CodeIgniter\Autoloader\Autoloader->loadInNamespace('App\\Models\\CurdModel')
 3 APPPATH\Controllers\Login.php(16): CodeIgniter\Autoloader\Autoloader->loadClass('App\\Models\\CurdModel')
 4 SYSTEMPATH\CodeIgniter.php(927): App\Controllers\Login->index()
 5 SYSTEMPATH\CodeIgniter.php(482): CodeIgniter\CodeIgniter->runController(Object(App\Controllers\Login))
 6 SYSTEMPATH\CodeIgniter.php(351): CodeIgniter\CodeIgniter->handleRequest(null, Object(Config\Cache), false)
 7 FCPATH\index.php(67): CodeIgniter\CodeIgniter->run()
CRITICAL - 2022-11-11 06:19:26 --> Undefined variable $db
in APPPATH\Models\CurdModel.php on line 9.
 1 APPPATH\Models\CurdModel.php(9): CodeIgniter\Debug\Exceptions->errorHandler(2, 'Undefined variable $db', 'APPPATH\\Models\\CurdModel.php', 9)
 2 APPPATH\Controllers\Login.php(17): App\Models\CurdModel->get_1('ip_address', 'allowed_ip', [...])
 3 SYSTEMPATH\CodeIgniter.php(927): App\Controllers\Login->index()
 4 SYSTEMPATH\CodeIgniter.php(482): CodeIgniter\CodeIgniter->runController(Object(App\Controllers\Login))
 5 SYSTEMPATH\CodeIgniter.php(351): CodeIgniter\CodeIgniter->handleRequest(null, Object(Config\Cache), false)
 6 FCPATH\index.php(67): CodeIgniter\CodeIgniter->run()
CRITICAL - 2022-11-11 06:22:48 --> syntax error, unexpected variable "$db", expecting "function" or "const"
in APPPATH\Models\CurdModel.php on line 8.
 1 SYSTEMPATH\Autoloader\Autoloader.php(259): CodeIgniter\Autoloader\Autoloader->includeFile('APPPATH\\Models\\CurdModel.php')
 2 SYSTEMPATH\Autoloader\Autoloader.php(237): CodeIgniter\Autoloader\Autoloader->loadInNamespace('App\\Models\\CurdModel')
 3 APPPATH\Controllers\Login.php(16): CodeIgniter\Autoloader\Autoloader->loadClass('App\\Models\\CurdModel')
 4 SYSTEMPATH\CodeIgniter.php(927): App\Controllers\Login->index()
 5 SYSTEMPATH\CodeIgniter.php(482): CodeIgniter\CodeIgniter->runController(Object(App\Controllers\Login))
 6 SYSTEMPATH\CodeIgniter.php(351): CodeIgniter\CodeIgniter->handleRequest(null, Object(Config\Cache), false)
 7 FCPATH\index.php(67): CodeIgniter\CodeIgniter->run()
CRITICAL - 2022-11-11 06:23:00 --> Undefined variable $db
in APPPATH\Models\CurdModel.php on line 10.
 1 APPPATH\Models\CurdModel.php(10): CodeIgniter\Debug\Exceptions->errorHandler(2, 'Undefined variable $db', 'APPPATH\\Models\\CurdModel.php', 10)
 2 APPPATH\Controllers\Login.php(17): App\Models\CurdModel->get_1('ip_address', 'allowed_ip', [...])
 3 SYSTEMPATH\CodeIgniter.php(927): App\Controllers\Login->index()
 4 SYSTEMPATH\CodeIgniter.php(482): CodeIgniter\CodeIgniter->runController(Object(App\Controllers\Login))
 5 SYSTEMPATH\CodeIgniter.php(351): CodeIgniter\CodeIgniter->handleRequest(null, Object(Config\Cache), false)
 6 FCPATH\index.php(67): CodeIgniter\CodeIgniter->run()
CRITICAL - 2022-11-11 06:23:44 --> Call to undefined method CodeIgniter\Database\MySQLi\Connection::select()
in APPPATH\Models\CurdModel.php on line 12.
 1 APPPATH\Controllers\Login.php(17): App\Models\CurdModel->get_1('ip_address', 'allowed_ip', [...])
 2 SYSTEMPATH\CodeIgniter.php(927): App\Controllers\Login->index()
 3 SYSTEMPATH\CodeIgniter.php(482): CodeIgniter\CodeIgniter->runController(Object(App\Controllers\Login))
 4 SYSTEMPATH\CodeIgniter.php(351): CodeIgniter\CodeIgniter->handleRequest(null, Object(Config\Cache), false)
 5 FCPATH\index.php(67): CodeIgniter\CodeIgniter->run()
CRITICAL - 2022-11-11 06:30:05 --> Call to undefined method CodeIgniter\Database\MySQLi\Connection::select()
in APPPATH\Models\CurdModel.php on line 12.
 1 APPPATH\Controllers\Login.php(17): App\Models\CurdModel->get_1('ip_address', 'allowed_ip', [...])
 2 SYSTEMPATH\CodeIgniter.php(927): App\Controllers\Login->index()
 3 SYSTEMPATH\CodeIgniter.php(482): CodeIgniter\CodeIgniter->runController(Object(App\Controllers\Login))
 4 SYSTEMPATH\CodeIgniter.php(351): CodeIgniter\CodeIgniter->handleRequest(null, Object(Config\Cache), false)
 5 FCPATH\index.php(67): CodeIgniter\CodeIgniter->run()
CRITICAL - 2022-11-11 06:32:09 --> Call to undefined method CodeIgniter\Database\MySQLi\Builder::row()
in APPPATH\Models\CurdModel.php on line 16.
 1 APPPATH\Controllers\Login.php(17): App\Models\CurdModel->get_1('ip_address', 'allowed_ip', [...])
 2 SYSTEMPATH\CodeIgniter.php(927): App\Controllers\Login->index()
 3 SYSTEMPATH\CodeIgniter.php(482): CodeIgniter\CodeIgniter->runController(Object(App\Controllers\Login))
 4 SYSTEMPATH\CodeIgniter.php(351): CodeIgniter\CodeIgniter->handleRequest(null, Object(Config\Cache), false)
 5 FCPATH\index.php(67): CodeIgniter\CodeIgniter->run()
CRITICAL - 2022-11-11 06:33:08 --> Call to undefined method CodeIgniter\Database\MySQLi\Builder::getRow()
in APPPATH\Models\CurdModel.php on line 16.
 1 APPPATH\Controllers\Login.php(17): App\Models\CurdModel->get_1('ip_address', 'allowed_ip', [...])
 2 SYSTEMPATH\CodeIgniter.php(927): App\Controllers\Login->index()
 3 SYSTEMPATH\CodeIgniter.php(482): CodeIgniter\CodeIgniter->runController(Object(App\Controllers\Login))
 4 SYSTEMPATH\CodeIgniter.php(351): CodeIgniter\CodeIgniter->handleRequest(null, Object(Config\Cache), false)
 5 FCPATH\index.php(67): CodeIgniter\CodeIgniter->run()
CRITICAL - 2022-11-11 06:35:21 --> Call to undefined method CodeIgniter\Database\MySQLi\Builder::row()
in APPPATH\Models\CurdModel.php on line 21.
 1 APPPATH\Controllers\Login.php(17): App\Models\CurdModel->get_1('ip_address', 'allowed_ip', [...])
 2 SYSTEMPATH\CodeIgniter.php(927): App\Controllers\Login->index()
 3 SYSTEMPATH\CodeIgniter.php(482): CodeIgniter\CodeIgniter->runController(Object(App\Controllers\Login))
 4 SYSTEMPATH\CodeIgniter.php(351): CodeIgniter\CodeIgniter->handleRequest(null, Object(Config\Cache), false)
 5 FCPATH\index.php(67): CodeIgniter\CodeIgniter->run()
