ERROR - 2023-02-13 00:24:32 --> mysqli_sql_exception: Table 'cftedu.user_access' doesn't exist in C:\xampp\htdocs\cftedu\system\Database\MySQLi\Connection.php:292
Stack trace:
#0 C:\xampp\htdocs\cftedu\system\Database\MySQLi\Connection.php(292): mysqli->query('UPDATE `user_ac...', 0)
#1 C:\xampp\htdocs\cftedu\system\Database\BaseConnection.php(666): CodeIgniter\Database\MySQLi\Connection->execute('UPDATE `user_ac...')
#2 C:\xampp\htdocs\cftedu\system\Database\BaseConnection.php(593): CodeIgniter\Database\BaseConnection->simpleQuery('UPDATE `user_ac...')
#3 C:\xampp\htdocs\cftedu\system\Database\BaseBuilder.php(2079): CodeIgniter\Database\BaseConnection->query('UPDATE `user_ac...', Array, false)
#4 C:\xampp\htdocs\cftedu\app\Models\CurdModel.php(57): CodeIgniter\Database\BaseBuilder->update()
#5 C:\xampp\htdocs\cftedu\app\Controllers\Admin_user.php(235): App\Models\CurdModel->update_table('user_access', Array, Array)
#6 C:\xampp\htdocs\cftedu\system\CodeIgniter.php(927): App\Controllers\Admin_user->action_update('update_access')
#7 C:\xampp\htdocs\cftedu\system\CodeIgniter.php(482): CodeIgniter\CodeIgniter->runController(Object(App\Controllers\Admin_user))
#8 C:\xampp\htdocs\cftedu\system\CodeIgniter.php(351): CodeIgniter\CodeIgniter->handleRequest(NULL, Object(Config\Cache), false)
#9 C:\xampp\htdocs\cftedu\index.php(67): CodeIgniter\CodeIgniter->run()
#10 {main}
CRITICAL - 2023-02-13 00:24:32 --> Table 'cftedu.user_access' doesn't exist
in SYSTEMPATH\Database\MySQLi\Connection.php on line 292.
 1 SYSTEMPATH\Database\MySQLi\Connection.php(292): mysqli->query('UPDATE `user_access` SET `status` = \'D\', `other_action` = \'\'
WHERE `user_id` = \'1\'', 0)
 2 SYSTEMPATH\Database\BaseConnection.php(666): CodeIgniter\Database\MySQLi\Connection->execute('UPDATE `user_access` SET `status` = \'D\', `other_action` = \'\'
WHERE `user_id` = \'1\'')
 3 SYSTEMPATH\Database\BaseConnection.php(593): CodeIgniter\Database\BaseConnection->simpleQuery('UPDATE `user_access` SET `status` = \'D\', `other_action` = \'\'
WHERE `user_id` = \'1\'')
 4 SYSTEMPATH\Database\BaseBuilder.php(2079): CodeIgniter\Database\BaseConnection->query('UPDATE `user_access` SET `status` = :status:, `other_action` = :other_action:
WHERE `user_id` = :user_id:', [...], false)
 5 APPPATH\Models\CurdModel.php(57): CodeIgniter\Database\BaseBuilder->update()
 6 APPPATH\Controllers\Admin_user.php(235): App\Models\CurdModel->update_table('user_access', [...], [...])
 7 SYSTEMPATH\CodeIgniter.php(927): App\Controllers\Admin_user->action_update('update_access')
 8 SYSTEMPATH\CodeIgniter.php(482): CodeIgniter\CodeIgniter->runController(Object(App\Controllers\Admin_user))
 9 SYSTEMPATH\CodeIgniter.php(351): CodeIgniter\CodeIgniter->handleRequest(null, Object(Config\Cache), false)
10 FCPATH\index.php(67): CodeIgniter\CodeIgniter->run()
CRITICAL - 2023-02-13 00:34:47 --> Attempt to read property "f_name" on null
in APPPATH\Views\admin\user_access.php on line 80.
 1 APPPATH\Views\admin\user_access.php(80): CodeIgniter\Debug\Exceptions->errorHandler(2, 'Attempt to read property "f_name" on null', 'APPPATH\\Views\\admin\\user_access.php', 80)
 2 SYSTEMPATH\View\View.php(213): include('APPPATH\\Views\\admin\\user_access.php')
 3 SYSTEMPATH\View\View.php(216): CodeIgniter\View\View->CodeIgniter\View\{closure}()
 4 SYSTEMPATH\Common.php(1134): CodeIgniter\View\View->render('admin/user_access', [], true)
 5 APPPATH\Controllers\Admin_user.php(66): view('admin/user_access', [...])
 6 SYSTEMPATH\CodeIgniter.php(927): App\Controllers\Admin_user->view()
 7 SYSTEMPATH\CodeIgniter.php(482): CodeIgniter\CodeIgniter->runController(Object(App\Controllers\Admin_user))
 8 SYSTEMPATH\CodeIgniter.php(351): CodeIgniter\CodeIgniter->handleRequest(null, Object(Config\Cache), false)
 9 FCPATH\index.php(67): CodeIgniter\CodeIgniter->run()
CRITICAL - 2023-02-13 00:35:05 --> Attempt to read property "f_name" on null
in APPPATH\Views\admin\user_access.php on line 80.
 1 APPPATH\Views\admin\user_access.php(80): CodeIgniter\Debug\Exceptions->errorHandler(2, 'Attempt to read property "f_name" on null', 'APPPATH\\Views\\admin\\user_access.php', 80)
 2 SYSTEMPATH\View\View.php(213): include('APPPATH\\Views\\admin\\user_access.php')
 3 SYSTEMPATH\View\View.php(216): CodeIgniter\View\View->CodeIgniter\View\{closure}()
 4 SYSTEMPATH\Common.php(1134): CodeIgniter\View\View->render('admin/user_access', [], true)
 5 APPPATH\Controllers\Admin_user.php(66): view('admin/user_access', [...])
 6 SYSTEMPATH\CodeIgniter.php(927): App\Controllers\Admin_user->view()
 7 SYSTEMPATH\CodeIgniter.php(482): CodeIgniter\CodeIgniter->runController(Object(App\Controllers\Admin_user))
 8 SYSTEMPATH\CodeIgniter.php(351): CodeIgniter\CodeIgniter->handleRequest(null, Object(Config\Cache), false)
 9 FCPATH\index.php(67): CodeIgniter\CodeIgniter->run()
CRITICAL - 2023-02-13 00:35:18 --> Attempt to read property "f_name" on null
in APPPATH\Views\admin\user_access.php on line 80.
 1 APPPATH\Views\admin\user_access.php(80): CodeIgniter\Debug\Exceptions->errorHandler(2, 'Attempt to read property "f_name" on null', 'APPPATH\\Views\\admin\\user_access.php', 80)
 2 SYSTEMPATH\View\View.php(213): include('APPPATH\\Views\\admin\\user_access.php')
 3 SYSTEMPATH\View\View.php(216): CodeIgniter\View\View->CodeIgniter\View\{closure}()
 4 SYSTEMPATH\Common.php(1134): CodeIgniter\View\View->render('admin/user_access', [], true)
 5 APPPATH\Controllers\Admin_user.php(66): view('admin/user_access', [...])
 6 SYSTEMPATH\CodeIgniter.php(927): App\Controllers\Admin_user->view()
 7 SYSTEMPATH\CodeIgniter.php(482): CodeIgniter\CodeIgniter->runController(Object(App\Controllers\Admin_user))
 8 SYSTEMPATH\CodeIgniter.php(351): CodeIgniter\CodeIgniter->handleRequest(null, Object(Config\Cache), false)
 9 FCPATH\index.php(67): CodeIgniter\CodeIgniter->run()
CRITICAL - 2023-02-13 00:42:33 --> Attempt to read property "f_name" on null
in APPPATH\Views\admin\user_access.php on line 80.
 1 APPPATH\Views\admin\user_access.php(80): CodeIgniter\Debug\Exceptions->errorHandler(2, 'Attempt to read property "f_name" on null', 'APPPATH\\Views\\admin\\user_access.php', 80)
 2 SYSTEMPATH\View\View.php(213): include('APPPATH\\Views\\admin\\user_access.php')
 3 SYSTEMPATH\View\View.php(216): CodeIgniter\View\View->CodeIgniter\View\{closure}()
 4 SYSTEMPATH\Common.php(1134): CodeIgniter\View\View->render('admin/user_access', [], true)
 5 APPPATH\Controllers\Admin_user.php(66): view('admin/user_access', [...])
 6 SYSTEMPATH\CodeIgniter.php(927): App\Controllers\Admin_user->view()
 7 SYSTEMPATH\CodeIgniter.php(482): CodeIgniter\CodeIgniter->runController(Object(App\Controllers\Admin_user))
 8 SYSTEMPATH\CodeIgniter.php(351): CodeIgniter\CodeIgniter->handleRequest(null, Object(Config\Cache), false)
 9 FCPATH\index.php(67): CodeIgniter\CodeIgniter->run()
CRITICAL - 2023-02-13 00:50:52 --> Attempt to read property "f_name" on null
in APPPATH\Views\admin\user_access.php on line 80.
 1 APPPATH\Views\admin\user_access.php(80): CodeIgniter\Debug\Exceptions->errorHandler(2, 'Attempt to read property "f_name" on null', 'APPPATH\\Views\\admin\\user_access.php', 80)
 2 SYSTEMPATH\View\View.php(213): include('APPPATH\\Views\\admin\\user_access.php')
 3 SYSTEMPATH\View\View.php(216): CodeIgniter\View\View->CodeIgniter\View\{closure}()
 4 SYSTEMPATH\Common.php(1134): CodeIgniter\View\View->render('admin/user_access', [], true)
 5 APPPATH\Controllers\Admin_user.php(66): view('admin/user_access', [...])
 6 SYSTEMPATH\CodeIgniter.php(927): App\Controllers\Admin_user->view()
 7 SYSTEMPATH\CodeIgniter.php(482): CodeIgniter\CodeIgniter->runController(Object(App\Controllers\Admin_user))
 8 SYSTEMPATH\CodeIgniter.php(351): CodeIgniter\CodeIgniter->handleRequest(null, Object(Config\Cache), false)
 9 FCPATH\index.php(67): CodeIgniter\CodeIgniter->run()
CRITICAL - 2023-02-13 01:04:29 --> Attempt to read property "f_name" on null
in APPPATH\Views\admin\user_access.php on line 80.
 1 APPPATH\Views\admin\user_access.php(80): CodeIgniter\Debug\Exceptions->errorHandler(2, 'Attempt to read property "f_name" on null', 'APPPATH\\Views\\admin\\user_access.php', 80)
 2 SYSTEMPATH\View\View.php(213): include('APPPATH\\Views\\admin\\user_access.php')
 3 SYSTEMPATH\View\View.php(216): CodeIgniter\View\View->CodeIgniter\View\{closure}()
 4 SYSTEMPATH\Common.php(1134): CodeIgniter\View\View->render('admin/user_access', [], true)
 5 APPPATH\Controllers\Admin_user.php(66): view('admin/user_access', [...])
 6 SYSTEMPATH\CodeIgniter.php(927): App\Controllers\Admin_user->view()
 7 SYSTEMPATH\CodeIgniter.php(482): CodeIgniter\CodeIgniter->runController(Object(App\Controllers\Admin_user))
 8 SYSTEMPATH\CodeIgniter.php(351): CodeIgniter\CodeIgniter->handleRequest(null, Object(Config\Cache), false)
 9 FCPATH\index.php(67): CodeIgniter\CodeIgniter->run()
CRITICAL - 2023-02-13 01:04:35 --> Attempt to read property "f_name" on null
in APPPATH\Views\admin\user_access.php on line 80.
 1 APPPATH\Views\admin\user_access.php(80): CodeIgniter\Debug\Exceptions->errorHandler(2, 'Attempt to read property "f_name" on null', 'APPPATH\\Views\\admin\\user_access.php', 80)
 2 SYSTEMPATH\View\View.php(213): include('APPPATH\\Views\\admin\\user_access.php')
 3 SYSTEMPATH\View\View.php(216): CodeIgniter\View\View->CodeIgniter\View\{closure}()
 4 SYSTEMPATH\Common.php(1134): CodeIgniter\View\View->render('admin/user_access', [], true)
 5 APPPATH\Controllers\Admin_user.php(66): view('admin/user_access', [...])
 6 SYSTEMPATH\CodeIgniter.php(927): App\Controllers\Admin_user->view()
 7 SYSTEMPATH\CodeIgniter.php(482): CodeIgniter\CodeIgniter->runController(Object(App\Controllers\Admin_user))
 8 SYSTEMPATH\CodeIgniter.php(351): CodeIgniter\CodeIgniter->handleRequest(null, Object(Config\Cache), false)
 9 FCPATH\index.php(67): CodeIgniter\CodeIgniter->run()
CRITICAL - 2023-02-13 01:05:09 --> Attempt to read property "f_name" on null
in APPPATH\Views\admin\user_access.php on line 80.
 1 APPPATH\Views\admin\user_access.php(80): CodeIgniter\Debug\Exceptions->errorHandler(2, 'Attempt to read property "f_name" on null', 'APPPATH\\Views\\admin\\user_access.php', 80)
 2 SYSTEMPATH\View\View.php(213): include('APPPATH\\Views\\admin\\user_access.php')
 3 SYSTEMPATH\View\View.php(216): CodeIgniter\View\View->CodeIgniter\View\{closure}()
 4 SYSTEMPATH\Common.php(1134): CodeIgniter\View\View->render('admin/user_access', [], true)
 5 APPPATH\Controllers\Admin_user.php(66): view('admin/user_access', [...])
 6 SYSTEMPATH\CodeIgniter.php(927): App\Controllers\Admin_user->view()
 7 SYSTEMPATH\CodeIgniter.php(482): CodeIgniter\CodeIgniter->runController(Object(App\Controllers\Admin_user))
 8 SYSTEMPATH\CodeIgniter.php(351): CodeIgniter\CodeIgniter->handleRequest(null, Object(Config\Cache), false)
 9 FCPATH\index.php(67): CodeIgniter\CodeIgniter->run()
CRITICAL - 2023-02-13 01:05:12 --> Attempt to read property "f_name" on null
in APPPATH\Views\admin\user_access.php on line 80.
 1 APPPATH\Views\admin\user_access.php(80): CodeIgniter\Debug\Exceptions->errorHandler(2, 'Attempt to read property "f_name" on null', 'APPPATH\\Views\\admin\\user_access.php', 80)
 2 SYSTEMPATH\View\View.php(213): include('APPPATH\\Views\\admin\\user_access.php')
 3 SYSTEMPATH\View\View.php(216): CodeIgniter\View\View->CodeIgniter\View\{closure}()
 4 SYSTEMPATH\Common.php(1134): CodeIgniter\View\View->render('admin/user_access', [], true)
 5 APPPATH\Controllers\Admin_user.php(66): view('admin/user_access', [...])
 6 SYSTEMPATH\CodeIgniter.php(927): App\Controllers\Admin_user->view()
 7 SYSTEMPATH\CodeIgniter.php(482): CodeIgniter\CodeIgniter->runController(Object(App\Controllers\Admin_user))
 8 SYSTEMPATH\CodeIgniter.php(351): CodeIgniter\CodeIgniter->handleRequest(null, Object(Config\Cache), false)
 9 FCPATH\index.php(67): CodeIgniter\CodeIgniter->run()
CRITICAL - 2023-02-13 03:48:16 --> Attempt to read property "f_name" on null
in APPPATH\Views\admin\user_access.php on line 80.
 1 APPPATH\Views\admin\user_access.php(80): CodeIgniter\Debug\Exceptions->errorHandler(2, 'Attempt to read property "f_name" on null', 'APPPATH\\Views\\admin\\user_access.php', 80)
 2 SYSTEMPATH\View\View.php(213): include('APPPATH\\Views\\admin\\user_access.php')
 3 SYSTEMPATH\View\View.php(216): CodeIgniter\View\View->CodeIgniter\View\{closure}()
 4 SYSTEMPATH\Common.php(1134): CodeIgniter\View\View->render('admin/user_access', [], true)
 5 APPPATH\Controllers\Admin_user.php(66): view('admin/user_access', [...])
 6 SYSTEMPATH\CodeIgniter.php(927): App\Controllers\Admin_user->view()
 7 SYSTEMPATH\CodeIgniter.php(482): CodeIgniter\CodeIgniter->runController(Object(App\Controllers\Admin_user))
 8 SYSTEMPATH\CodeIgniter.php(351): CodeIgniter\CodeIgniter->handleRequest(null, Object(Config\Cache), false)
 9 FCPATH\index.php(67): CodeIgniter\CodeIgniter->run()
CRITICAL - 2023-02-13 05:42:02 --> Attempt to read property "f_name" on null
in APPPATH\Views\admin\user_access.php on line 80.
 1 APPPATH\Views\admin\user_access.php(80): CodeIgniter\Debug\Exceptions->errorHandler(2, 'Attempt to read property "f_name" on null', 'APPPATH\\Views\\admin\\user_access.php', 80)
 2 SYSTEMPATH\View\View.php(213): include('APPPATH\\Views\\admin\\user_access.php')
 3 SYSTEMPATH\View\View.php(216): CodeIgniter\View\View->CodeIgniter\View\{closure}()
 4 SYSTEMPATH\Common.php(1134): CodeIgniter\View\View->render('admin/user_access', [], true)
 5 APPPATH\Controllers\Admin_user.php(66): view('admin/user_access', [...])
 6 SYSTEMPATH\CodeIgniter.php(927): App\Controllers\Admin_user->view()
 7 SYSTEMPATH\CodeIgniter.php(482): CodeIgniter\CodeIgniter->runController(Object(App\Controllers\Admin_user))
 8 SYSTEMPATH\CodeIgniter.php(351): CodeIgniter\CodeIgniter->handleRequest(null, Object(Config\Cache), false)
 9 FCPATH\index.php(67): CodeIgniter\CodeIgniter->run()
CRITICAL - 2023-02-13 22:15:34 --> Invalid file: admin/web_pages.php
in SYSTEMPATH\Exceptions\FrameworkException.php on line 33.
 1 SYSTEMPATH\View\View.php(201): CodeIgniter\Exceptions\FrameworkException::forInvalidFile('admin/web_pages.php')
 2 SYSTEMPATH\Common.php(1134): CodeIgniter\View\View->render('admin/web_pages', [], true)
 3 APPPATH\Controllers\Admin.php(179): view('admin/web_pages', [...])
 4 SYSTEMPATH\CodeIgniter.php(927): App\Controllers\Admin->view([...])
 5 SYSTEMPATH\CodeIgniter.php(482): CodeIgniter\CodeIgniter->runController(Object(App\Controllers\Admin))
 6 SYSTEMPATH\CodeIgniter.php(351): CodeIgniter\CodeIgniter->handleRequest(null, Object(Config\Cache), false)
 7 FCPATH\index.php(67): CodeIgniter\CodeIgniter->run()
