ERROR - 2023-03-25 01:41:20 --> mysqli_sql_exception: Unknown column 'session_id' in 'field list' in C:\xampp\htdocs\cftedu\system\Database\MySQLi\Connection.php:292
Stack trace:
#0 C:\xampp\htdocs\cftedu\system\Database\MySQLi\Connection.php(292): mysqli->query('UPDATE `login` ...', 0)
#1 C:\xampp\htdocs\cftedu\system\Database\BaseConnection.php(666): CodeIgniter\Database\MySQLi\Connection->execute('UPDATE `login` ...')
#2 C:\xampp\htdocs\cftedu\system\Database\BaseConnection.php(593): CodeIgniter\Database\BaseConnection->simpleQuery('UPDATE `login` ...')
#3 C:\xampp\htdocs\cftedu\system\Database\BaseBuilder.php(2079): CodeIgniter\Database\BaseConnection->query('UPDATE `login` ...', Array, false)
#4 C:\xampp\htdocs\cftedu\app\Models\CurdModel.php(57): CodeIgniter\Database\BaseBuilder->update()
#5 C:\xampp\htdocs\cftedu\app\Controllers\Login.php(72): App\Models\CurdModel->update_table('login', Array, Array)
#6 C:\xampp\htdocs\cftedu\system\CodeIgniter.php(927): App\Controllers\Login->signin()
#7 C:\xampp\htdocs\cftedu\system\CodeIgniter.php(482): CodeIgniter\CodeIgniter->runController(Object(App\Controllers\Login))
#8 C:\xampp\htdocs\cftedu\system\CodeIgniter.php(351): CodeIgniter\CodeIgniter->handleRequest(NULL, Object(Config\Cache), false)
#9 C:\xampp\htdocs\cftedu\index.php(67): CodeIgniter\CodeIgniter->run()
#10 {main}
CRITICAL - 2023-03-25 01:41:20 --> Unknown column 'session_id' in 'field list'
in SYSTEMPATH\Database\MySQLi\Connection.php on line 292.
 1 SYSTEMPATH\Database\MySQLi\Connection.php(292): mysqli->query('UPDATE `login` SET `session_id` = 2356
WHERE `id` = \'1\'', 0)
 2 SYSTEMPATH\Database\BaseConnection.php(666): CodeIgniter\Database\MySQLi\Connection->execute('UPDATE `login` SET `session_id` = 2356
WHERE `id` = \'1\'')
 3 SYSTEMPATH\Database\BaseConnection.php(593): CodeIgniter\Database\BaseConnection->simpleQuery('UPDATE `login` SET `session_id` = 2356
WHERE `id` = \'1\'')
 4 SYSTEMPATH\Database\BaseBuilder.php(2079): CodeIgniter\Database\BaseConnection->query('UPDATE `login` SET `session_id` = :session_id:
WHERE `id` = :id:', [...], false)
 5 APPPATH\Models\CurdModel.php(57): CodeIgniter\Database\BaseBuilder->update()
 6 APPPATH\Controllers\Login.php(72): App\Models\CurdModel->update_table('login', [...], [...])
 7 SYSTEMPATH\CodeIgniter.php(927): App\Controllers\Login->signin()
 8 SYSTEMPATH\CodeIgniter.php(482): CodeIgniter\CodeIgniter->runController(Object(App\Controllers\Login))
 9 SYSTEMPATH\CodeIgniter.php(351): CodeIgniter\CodeIgniter->handleRequest(null, Object(Config\Cache), false)
10 FCPATH\index.php(67): CodeIgniter\CodeIgniter->run()
ERROR - 2023-03-25 01:41:36 --> mysqli_sql_exception: Unknown column 'session_id' in 'field list' in C:\xampp\htdocs\cftedu\system\Database\MySQLi\Connection.php:292
Stack trace:
#0 C:\xampp\htdocs\cftedu\system\Database\MySQLi\Connection.php(292): mysqli->query('UPDATE `login` ...', 0)
#1 C:\xampp\htdocs\cftedu\system\Database\BaseConnection.php(666): CodeIgniter\Database\MySQLi\Connection->execute('UPDATE `login` ...')
#2 C:\xampp\htdocs\cftedu\system\Database\BaseConnection.php(593): CodeIgniter\Database\BaseConnection->simpleQuery('UPDATE `login` ...')
#3 C:\xampp\htdocs\cftedu\system\Database\BaseBuilder.php(2079): CodeIgniter\Database\BaseConnection->query('UPDATE `login` ...', Array, false)
#4 C:\xampp\htdocs\cftedu\app\Models\CurdModel.php(57): CodeIgniter\Database\BaseBuilder->update()
#5 C:\xampp\htdocs\cftedu\app\Controllers\Login.php(72): App\Models\CurdModel->update_table('login', Array, Array)
#6 C:\xampp\htdocs\cftedu\system\CodeIgniter.php(927): App\Controllers\Login->signin()
#7 C:\xampp\htdocs\cftedu\system\CodeIgniter.php(482): CodeIgniter\CodeIgniter->runController(Object(App\Controllers\Login))
#8 C:\xampp\htdocs\cftedu\system\CodeIgniter.php(351): CodeIgniter\CodeIgniter->handleRequest(NULL, Object(Config\Cache), false)
#9 C:\xampp\htdocs\cftedu\index.php(67): CodeIgniter\CodeIgniter->run()
#10 {main}
CRITICAL - 2023-03-25 01:41:36 --> Unknown column 'session_id' in 'field list'
in SYSTEMPATH\Database\MySQLi\Connection.php on line 292.
 1 SYSTEMPATH\Database\MySQLi\Connection.php(292): mysqli->query('UPDATE `login` SET `session_id` = 2357
WHERE `id` = \'1\'', 0)
 2 SYSTEMPATH\Database\BaseConnection.php(666): CodeIgniter\Database\MySQLi\Connection->execute('UPDATE `login` SET `session_id` = 2357
WHERE `id` = \'1\'')
 3 SYSTEMPATH\Database\BaseConnection.php(593): CodeIgniter\Database\BaseConnection->simpleQuery('UPDATE `login` SET `session_id` = 2357
WHERE `id` = \'1\'')
 4 SYSTEMPATH\Database\BaseBuilder.php(2079): CodeIgniter\Database\BaseConnection->query('UPDATE `login` SET `session_id` = :session_id:
WHERE `id` = :id:', [...], false)
 5 APPPATH\Models\CurdModel.php(57): CodeIgniter\Database\BaseBuilder->update()
 6 APPPATH\Controllers\Login.php(72): App\Models\CurdModel->update_table('login', [...], [...])
 7 SYSTEMPATH\CodeIgniter.php(927): App\Controllers\Login->signin()
 8 SYSTEMPATH\CodeIgniter.php(482): CodeIgniter\CodeIgniter->runController(Object(App\Controllers\Login))
 9 SYSTEMPATH\CodeIgniter.php(351): CodeIgniter\CodeIgniter->handleRequest(null, Object(Config\Cache), false)
10 FCPATH\index.php(67): CodeIgniter\CodeIgniter->run()
ERROR - 2023-03-25 01:41:55 --> mysqli_sql_exception: Unknown column 'session_id' in 'field list' in C:\xampp\htdocs\cftedu\system\Database\MySQLi\Connection.php:292
Stack trace:
#0 C:\xampp\htdocs\cftedu\system\Database\MySQLi\Connection.php(292): mysqli->query('UPDATE `login` ...', 0)
#1 C:\xampp\htdocs\cftedu\system\Database\BaseConnection.php(666): CodeIgniter\Database\MySQLi\Connection->execute('UPDATE `login` ...')
#2 C:\xampp\htdocs\cftedu\system\Database\BaseConnection.php(593): CodeIgniter\Database\BaseConnection->simpleQuery('UPDATE `login` ...')
#3 C:\xampp\htdocs\cftedu\system\Database\BaseBuilder.php(2079): CodeIgniter\Database\BaseConnection->query('UPDATE `login` ...', Array, false)
#4 C:\xampp\htdocs\cftedu\app\Models\CurdModel.php(57): CodeIgniter\Database\BaseBuilder->update()
#5 C:\xampp\htdocs\cftedu\app\Controllers\Login.php(72): App\Models\CurdModel->update_table('login', Array, Array)
#6 C:\xampp\htdocs\cftedu\system\CodeIgniter.php(927): App\Controllers\Login->signin()
#7 C:\xampp\htdocs\cftedu\system\CodeIgniter.php(482): CodeIgniter\CodeIgniter->runController(Object(App\Controllers\Login))
#8 C:\xampp\htdocs\cftedu\system\CodeIgniter.php(351): CodeIgniter\CodeIgniter->handleRequest(NULL, Object(Config\Cache), false)
#9 C:\xampp\htdocs\cftedu\index.php(67): CodeIgniter\CodeIgniter->run()
#10 {main}
CRITICAL - 2023-03-25 01:41:55 --> Unknown column 'session_id' in 'field list'
in SYSTEMPATH\Database\MySQLi\Connection.php on line 292.
 1 SYSTEMPATH\Database\MySQLi\Connection.php(292): mysqli->query('UPDATE `login` SET `session_id` = 2358
WHERE `id` = \'1\'', 0)
 2 SYSTEMPATH\Database\BaseConnection.php(666): CodeIgniter\Database\MySQLi\Connection->execute('UPDATE `login` SET `session_id` = 2358
WHERE `id` = \'1\'')
 3 SYSTEMPATH\Database\BaseConnection.php(593): CodeIgniter\Database\BaseConnection->simpleQuery('UPDATE `login` SET `session_id` = 2358
WHERE `id` = \'1\'')
 4 SYSTEMPATH\Database\BaseBuilder.php(2079): CodeIgniter\Database\BaseConnection->query('UPDATE `login` SET `session_id` = :session_id:
WHERE `id` = :id:', [...], false)
 5 APPPATH\Models\CurdModel.php(57): CodeIgniter\Database\BaseBuilder->update()
 6 APPPATH\Controllers\Login.php(72): App\Models\CurdModel->update_table('login', [...], [...])
 7 SYSTEMPATH\CodeIgniter.php(927): App\Controllers\Login->signin()
 8 SYSTEMPATH\CodeIgniter.php(482): CodeIgniter\CodeIgniter->runController(Object(App\Controllers\Login))
 9 SYSTEMPATH\CodeIgniter.php(351): CodeIgniter\CodeIgniter->handleRequest(null, Object(Config\Cache), false)
10 FCPATH\index.php(67): CodeIgniter\CodeIgniter->run()
CRITICAL - 2023-03-25 01:49:50 --> Undefined array key "lm"
in APPPATH\Views\admin\user.php on line 101.
 1 APPPATH\Views\admin\user.php(101): CodeIgniter\Debug\Exceptions->errorHandler(2, 'Undefined array key "lm"', 'APPPATH\\Views\\admin\\user.php', 101)
 2 SYSTEMPATH\View\View.php(213): include('APPPATH\\Views\\admin\\user.php')
 3 SYSTEMPATH\View\View.php(216): CodeIgniter\View\View->CodeIgniter\View\{closure}()
 4 SYSTEMPATH\Common.php(1134): CodeIgniter\View\View->render('admin/user', [], true)
 5 APPPATH\Controllers\Admin.php(104): view('admin/user', [...])
 6 SYSTEMPATH\CodeIgniter.php(927): App\Controllers\Admin->view([...])
 7 SYSTEMPATH\CodeIgniter.php(482): CodeIgniter\CodeIgniter->runController(Object(App\Controllers\Admin))
 8 SYSTEMPATH\CodeIgniter.php(351): CodeIgniter\CodeIgniter->handleRequest(null, Object(Config\Cache), false)
 9 FCPATH\index.php(67): CodeIgniter\CodeIgniter->run()
CRITICAL - 2023-03-25 01:49:55 --> Invalid file: admin/add_webpage.php
in SYSTEMPATH\Exceptions\FrameworkException.php on line 33.
 1 SYSTEMPATH\View\View.php(201): CodeIgniter\Exceptions\FrameworkException::forInvalidFile('admin/add_webpage.php')
 2 SYSTEMPATH\Common.php(1134): CodeIgniter\View\View->render('admin/add_webpage', [], true)
 3 APPPATH\Controllers\Admin.php(104): view('admin/add_webpage', [...])
 4 SYSTEMPATH\CodeIgniter.php(927): App\Controllers\Admin->view([...])
 5 SYSTEMPATH\CodeIgniter.php(482): CodeIgniter\CodeIgniter->runController(Object(App\Controllers\Admin))
 6 SYSTEMPATH\CodeIgniter.php(351): CodeIgniter\CodeIgniter->handleRequest(null, Object(Config\Cache), false)
 7 FCPATH\index.php(67): CodeIgniter\CodeIgniter->run()
CRITICAL - 2023-03-25 02:07:56 --> Undefined array key "lm"
in APPPATH\Views\admin\user.php on line 101.
 1 APPPATH\Views\admin\user.php(101): CodeIgniter\Debug\Exceptions->errorHandler(2, 'Undefined array key "lm"', 'APPPATH\\Views\\admin\\user.php', 101)
 2 SYSTEMPATH\View\View.php(213): include('APPPATH\\Views\\admin\\user.php')
 3 SYSTEMPATH\View\View.php(216): CodeIgniter\View\View->CodeIgniter\View\{closure}()
 4 SYSTEMPATH\Common.php(1134): CodeIgniter\View\View->render('admin/user', [], true)
 5 APPPATH\Controllers\Admin.php(104): view('admin/user', [...])
 6 SYSTEMPATH\CodeIgniter.php(927): App\Controllers\Admin->view([...])
 7 SYSTEMPATH\CodeIgniter.php(482): CodeIgniter\CodeIgniter->runController(Object(App\Controllers\Admin))
 8 SYSTEMPATH\CodeIgniter.php(351): CodeIgniter\CodeIgniter->handleRequest(null, Object(Config\Cache), false)
 9 FCPATH\index.php(67): CodeIgniter\CodeIgniter->run()
CRITICAL - 2023-03-25 02:08:30 --> Invalid file: admin/add_webpage.php
in SYSTEMPATH\Exceptions\FrameworkException.php on line 33.
 1 SYSTEMPATH\View\View.php(201): CodeIgniter\Exceptions\FrameworkException::forInvalidFile('admin/add_webpage.php')
 2 SYSTEMPATH\Common.php(1134): CodeIgniter\View\View->render('admin/add_webpage', [], true)
 3 APPPATH\Controllers\Admin.php(104): view('admin/add_webpage', [...])
 4 SYSTEMPATH\CodeIgniter.php(927): App\Controllers\Admin->view([...])
 5 SYSTEMPATH\CodeIgniter.php(482): CodeIgniter\CodeIgniter->runController(Object(App\Controllers\Admin))
 6 SYSTEMPATH\CodeIgniter.php(351): CodeIgniter\CodeIgniter->handleRequest(null, Object(Config\Cache), false)
 7 FCPATH\index.php(67): CodeIgniter\CodeIgniter->run()
CRITICAL - 2023-03-25 02:08:47 --> Invalid file: admin/add_webpage.php
in SYSTEMPATH\Exceptions\FrameworkException.php on line 33.
 1 SYSTEMPATH\View\View.php(201): CodeIgniter\Exceptions\FrameworkException::forInvalidFile('admin/add_webpage.php')
 2 SYSTEMPATH\Common.php(1134): CodeIgniter\View\View->render('admin/add_webpage', [], true)
 3 APPPATH\Controllers\Admin.php(104): view('admin/add_webpage', [...])
 4 SYSTEMPATH\CodeIgniter.php(927): App\Controllers\Admin->view([...])
 5 SYSTEMPATH\CodeIgniter.php(482): CodeIgniter\CodeIgniter->runController(Object(App\Controllers\Admin))
 6 SYSTEMPATH\CodeIgniter.php(351): CodeIgniter\CodeIgniter->handleRequest(null, Object(Config\Cache), false)
 7 FCPATH\index.php(67): CodeIgniter\CodeIgniter->run()
CRITICAL - 2023-03-25 02:08:59 --> Invalid file: admin/add_webpage.php
in SYSTEMPATH\Exceptions\FrameworkException.php on line 33.
 1 SYSTEMPATH\View\View.php(201): CodeIgniter\Exceptions\FrameworkException::forInvalidFile('admin/add_webpage.php')
 2 SYSTEMPATH\Common.php(1134): CodeIgniter\View\View->render('admin/add_webpage', [], true)
 3 APPPATH\Controllers\Admin.php(104): view('admin/add_webpage', [...])
 4 SYSTEMPATH\CodeIgniter.php(927): App\Controllers\Admin->view([...])
 5 SYSTEMPATH\CodeIgniter.php(482): CodeIgniter\CodeIgniter->runController(Object(App\Controllers\Admin))
 6 SYSTEMPATH\CodeIgniter.php(351): CodeIgniter\CodeIgniter->handleRequest(null, Object(Config\Cache), false)
 7 FCPATH\index.php(67): CodeIgniter\CodeIgniter->run()
CRITICAL - 2023-03-25 04:39:24 --> Undefined array key "lm"
in APPPATH\Views\admin\user.php on line 101.
 1 APPPATH\Views\admin\user.php(101): CodeIgniter\Debug\Exceptions->errorHandler(2, 'Undefined array key "lm"', 'APPPATH\\Views\\admin\\user.php', 101)
 2 SYSTEMPATH\View\View.php(213): include('APPPATH\\Views\\admin\\user.php')
 3 SYSTEMPATH\View\View.php(216): CodeIgniter\View\View->CodeIgniter\View\{closure}()
 4 SYSTEMPATH\Common.php(1134): CodeIgniter\View\View->render('admin/user', [], true)
 5 APPPATH\Controllers\Admin.php(104): view('admin/user', [...])
 6 SYSTEMPATH\CodeIgniter.php(927): App\Controllers\Admin->view([...])
 7 SYSTEMPATH\CodeIgniter.php(482): CodeIgniter\CodeIgniter->runController(Object(App\Controllers\Admin))
 8 SYSTEMPATH\CodeIgniter.php(351): CodeIgniter\CodeIgniter->handleRequest(null, Object(Config\Cache), false)
 9 FCPATH\index.php(67): CodeIgniter\CodeIgniter->run()
CRITICAL - 2023-03-25 04:39:33 --> Undefined array key "lm"
in APPPATH\Views\admin\user.php on line 101.
 1 APPPATH\Views\admin\user.php(101): CodeIgniter\Debug\Exceptions->errorHandler(2, 'Undefined array key "lm"', 'APPPATH\\Views\\admin\\user.php', 101)
 2 SYSTEMPATH\View\View.php(213): include('APPPATH\\Views\\admin\\user.php')
 3 SYSTEMPATH\View\View.php(216): CodeIgniter\View\View->CodeIgniter\View\{closure}()
 4 SYSTEMPATH\Common.php(1134): CodeIgniter\View\View->render('admin/user', [], true)
 5 APPPATH\Controllers\Admin.php(104): view('admin/user', [...])
 6 SYSTEMPATH\CodeIgniter.php(927): App\Controllers\Admin->view([...])
 7 SYSTEMPATH\CodeIgniter.php(482): CodeIgniter\CodeIgniter->runController(Object(App\Controllers\Admin))
 8 SYSTEMPATH\CodeIgniter.php(351): CodeIgniter\CodeIgniter->handleRequest(null, Object(Config\Cache), false)
 9 FCPATH\index.php(67): CodeIgniter\CodeIgniter->run()
CRITICAL - 2023-03-25 05:00:48 --> Undefined variable $user_type
in APPPATH\Views\admin\user_access.php on line 96.
 1 APPPATH\Views\admin\user_access.php(96): CodeIgniter\Debug\Exceptions->errorHandler(2, 'Undefined variable $user_type', 'APPPATH\\Views\\admin\\user_access.php', 96)
 2 SYSTEMPATH\View\View.php(213): include('APPPATH\\Views\\admin\\user_access.php')
 3 SYSTEMPATH\View\View.php(216): CodeIgniter\View\View->CodeIgniter\View\{closure}()
 4 SYSTEMPATH\Common.php(1134): CodeIgniter\View\View->render('admin/user_access', [], true)
 5 APPPATH\Controllers\Admin_user.php(67): view('admin/user_access', [...])
 6 SYSTEMPATH\CodeIgniter.php(927): App\Controllers\Admin_user->view()
 7 SYSTEMPATH\CodeIgniter.php(482): CodeIgniter\CodeIgniter->runController(Object(App\Controllers\Admin_user))
 8 SYSTEMPATH\CodeIgniter.php(351): CodeIgniter\CodeIgniter->handleRequest(null, Object(Config\Cache), false)
 9 FCPATH\index.php(67): CodeIgniter\CodeIgniter->run()
CRITICAL - 2023-03-25 05:21:02 --> Undefined array key "logout"
in APPPATH\Controllers\Admin.php on line 13.
 1 APPPATH\Controllers\Admin.php(13): CodeIgniter\Debug\Exceptions->errorHandler(2, 'Undefined array key "logout"', 'APPPATH\\Controllers\\Admin.php', 13)
 2 SYSTEMPATH\CodeIgniter.php(927): App\Controllers\Admin->view([...])
 3 SYSTEMPATH\CodeIgniter.php(482): CodeIgniter\CodeIgniter->runController(Object(App\Controllers\Admin))
 4 SYSTEMPATH\CodeIgniter.php(351): CodeIgniter\CodeIgniter->handleRequest(null, Object(Config\Cache), false)
 5 FCPATH\index.php(67): CodeIgniter\CodeIgniter->run()
CRITICAL - 2023-03-25 06:30:12 --> Undefined variable $images
in APPPATH\Views\admin\faculty.php on line 256.
 1 APPPATH\Views\admin\faculty.php(256): CodeIgniter\Debug\Exceptions->errorHandler(2, 'Undefined variable $images', 'APPPATH\\Views\\admin\\faculty.php', 256)
 2 SYSTEMPATH\View\View.php(213): include('APPPATH\\Views\\admin\\faculty.php')
 3 SYSTEMPATH\View\View.php(216): CodeIgniter\View\View->CodeIgniter\View\{closure}()
 4 SYSTEMPATH\Common.php(1134): CodeIgniter\View\View->render('admin/faculty', [], true)
 5 APPPATH\Controllers\Admin.php(116): view('admin/faculty', [...])
 6 SYSTEMPATH\CodeIgniter.php(927): App\Controllers\Admin->view([...])
 7 SYSTEMPATH\CodeIgniter.php(482): CodeIgniter\CodeIgniter->runController(Object(App\Controllers\Admin))
 8 SYSTEMPATH\CodeIgniter.php(351): CodeIgniter\CodeIgniter->handleRequest(null, Object(Config\Cache), false)
 9 FCPATH\index.php(67): CodeIgniter\CodeIgniter->run()
